number,value,datetime_start,datetime_complete,duration,params_max_depth,params_max_features,params_min_samples_leaf,params_n_estimators,system_attrs_tpe:relative_params:0,state
0,4.0512301314636,2026-10-02 06:27:20.206235,2026-10-02 06:39:21.210666,0 days 00:12:01.004431,40,0.7436704297351775,7,684,,COMPLETE
1,4.046325692876786,2026-10-02 06:39:21.210730,2026-10-02 06:49:11.765199,0 days 00:09:50.554469,20,0.4450973669431999,8,975,,COMPLETE
2,4.067764416024049,2026-10-02 06:49:11.765264,2026-10-02 06:54:28.683555,0 days 00:05:16.918291,10,0.8493578609931441,8,314,,COMPLETE
3,4.070669363490887,2026-10-02 06:54:28.683618,2026-10-02 07:01:58.242829,0 days 00:07:29.559211,0,0.6759289191947714,2,382,,COMPLETE
4,4.08558893025386,2026-10-02 07:01:58.242900,2026-10-02 07:13:50.689137,0 days 00:11:52.446237,30,0.6115905539817836,1,619,,COMPLETE
5,4.043438860342726,2026-10-02 07:13:50.689202,2026-10-02 07:19:54.107790,0 days 00:06:03.418588,20,0.4933287584194074,7,552,,COMPLETE
6,4.060378005631424,2026-10-02 07:19:54.107853,2026-10-02 07:24:15.566492,0 days 00:04:21.458639,10,0.42733969384836035,6,521,,COMPLETE
7,4.050128121041699,2026-10-02 07:24:15.566564,2026-10-02 07:30:06.380738,0 days 00:05:50.814174,30,0.3279624422858039,5,757,,COMPLETE
8,4.04453764732649,2026-10-02 07:30:06.380803,2026-10-02 07:34:10.576929,0 days 00:04:04.196126,30,0.4318526535948677,9,437,,COMPLETE
9,4.047794840126145,2026-10-02 07:34:10.576979,2026-10-02 07:48:18.704267,0 days 00:14:08.127288,30,0.6443609677705414,8,984,,COMPLETE
10,4.0691526798626105,2026-10-02 07:48:18.704321,2026-10-02 08:06:53.337269,0 days 00:18:34.632948,20,0.9850642628725558,4,740,"{""max_depth"": 20, ""max_features"": 0.9850642628725558, ""min_samples_leaf"": 4, ""n_estimators"": 740}",COMPLETE
11,4.045314545295166,2026-10-02 08:06:53.337351,2026-10-02 08:10:39.864890,0 days 00:03:46.527539,30,0.4687308825103441,10,383,"{""max_depth"": 30, ""max_features"": 0.4687308825103441, ""min_samples_leaf"": 10, ""n_estimators"": 383}",COMPLETE
12,4.054893537571776,2026-10-02 08:10:39.864942,2026-10-02 08:13:19.734952,0 days 00:02:39.870010,0,0.19283150334621363,9,645,"{""max_depth"": 0, ""max_features"": 0.19283150334621363, ""min_samples_leaf"": 9, ""n_estimators"": 645}",COMPLETE
13,4.047157072607296,2026-10-02 08:13:19.735007,2026-10-02 08:24:00.971628,0 days 00:10:41.236621,20,0.6702281121288038,10,740,"{""max_depth"": 20, ""max_features"": 0.6702281121288038, ""min_samples_leaf"": 10, ""n_estimators"": 740}",COMPLETE
14,4.061899687175792,2026-10-02 08:24:00.971680,2026-10-02 08:25:20.099722,0 days 00:01:19.128042,20,0.1241312008957951,10,495,"{""max_depth"": 20, ""max_features"": 0.1241312008957951, ""min_samples_leaf"": 10, ""n_estimators"": 495}",COMPLETE
15,4.058114830805596,2026-10-02 08:25:20.099777,2026-10-02 08:27:09.251380,0 days 00:01:49.151603,30,0.22344939241673126,7,342,"{""max_depth"": 30, ""max_features"": 0.22344939241673126, ""min_samples_leaf"": 7, ""n_estimators"": 342}",COMPLETE
16,4.0470036403900025,2026-10-02 08:27:09.251435,2026-10-02 08:30:08.736024,0 days 00:02:59.484589,20,0.2193027505159485,7,559,"{""max_depth"": 20, ""max_features"": 0.2193027505159485, ""min_samples_leaf"": 7, ""n_estimators"": 559}",COMPLETE
17,4.052099825545533,2026-10-02 08:30:08.736079,2026-10-02 08:37:31.337847,0 days 00:07:22.601768,20,0.7471459198130506,8,419,"{""max_depth"": 20, ""max_features"": 0.7471459198130506, ""min_samples_leaf"": 8, ""n_estimators"": 419}",COMPLETE
18,4.052060270352388,2026-10-02 08:37:31.337900,2026-10-02 08:45:20.159234,0 days 00:07:48.821334,20,0.49612039501120436,5,649,"{""max_depth"": 20, ""max_features"": 0.49612039501120436, ""min_samples_leaf"": 5, ""n_estimators"": 649}",COMPLETE
19,4.047230809376802,2026-10-02 08:45:20.159286,2026-10-02 08:50:46.368044,0 days 00:05:26.208758,40,0.4608988432383126,10,562,"{""max_depth"": 40, ""max_features"": 0.4608988432383126, ""min_samples_leaf"": 10, ""n_estimators"": 562}",COMPLETE
20,4.048145380825594,2026-10-02 08:50:46.368102,2026-10-02 08:55:52.454916,0 days 00:05:06.086814,30,0.5977891133891803,8,374,"{""max_depth"": 30, ""max_features"": 0.5977891133891803, ""min_samples_leaf"": 8, ""n_estimators"": 374}",COMPLETE
21,4.044926226456552,2026-10-02 08:55:52.454969,2026-10-02 09:02:25.345443,0 days 00:06:32.890474,30,0.5718245970828812,9,526,"{""max_depth"": 30, ""max_features"": 0.5718245970828812, ""min_samples_leaf"": 9, ""n_estimators"": 526}",COMPLETE
22,4.04847973464472,2026-10-02 09:02:25.345496,2026-10-02 09:05:49.902847,0 days 00:03:24.557351,30,0.31199728622175166,9,492,"{""max_depth"": 30, ""max_features"": 0.31199728622175166, ""min_samples_leaf"": 9, ""n_estimators"": 492}",COMPLETE
23,4.045776287102349,2026-10-02 09:05:49.902901,2026-10-02 09:14:15.548263,0 days 00:08:25.645362,30,0.7058431090451254,8,534,"{""max_depth"": 30, ""max_features"": 0.7058431090451254, ""min_samples_leaf"": 8, ""n_estimators"": 534}",COMPLETE
24,4.047292561334223,2026-10-02 09:14:15.548318,2026-10-02 09:20:27.522705,0 days 00:06:11.974387,30,0.6686244958732912,10,421,"{""max_depth"": 30, ""max_features"": 0.6686244958732912, ""min_samples_leaf"": 10, ""n_estimators"": 421}",COMPLETE
25,4.0556980452543465,2026-10-02 09:20:27.522763,2026-10-02 09:25:38.005568,0 days 00:05:10.482805,10,0.5503927140597916,10,487,"{""max_depth"": 10, ""max_features"": 0.5503927140597916, ""min_samples_leaf"": 10, ""n_estimators"": 487}",COMPLETE
26,4.04609940840043,2026-10-02 09:25:38.005620,2026-10-02 09:32:50.632116,0 days 00:07:12.626496,30,0.5144987100547352,8,639,"{""max_depth"": 30, ""max_features"": 0.5144987100547352, ""min_samples_leaf"": 8, ""n_estimators"": 639}",COMPLETE
27,4.0522986980011035,2026-10-02 09:32:50.632168,2026-10-02 09:43:35.214824,0 days 00:10:44.582656,30,0.6218964184132106,8,774,"{""max_depth"": 30, ""max_features"": 0.6218964184132106, ""min_samples_leaf"": 8, ""n_estimators"": 774}",COMPLETE
28,4.0460945874452,2026-10-02 09:43:35.214880,2026-10-02 09:48:35.752590,0 days 00:05:00.537710,30,0.3506871668680383,10,651,"{""max_depth"": 30, ""max_features"": 0.3506871668680383, ""min_samples_leaf"": 10, ""n_estimators"": 651}",COMPLETE
29,4.048997475687288,2026-10-02 09:48:35.752645,2026-10-02 09:54:39.044297,0 days 00:06:03.291652,20,0.6063065224385928,6,420,"{""max_depth"": 20, ""max_features"": 0.6063065224385928, ""min_samples_leaf"": 6, ""n_estimators"": 420}",COMPLETE
30,4.048874262126322,2026-10-02 09:54:39.044372,2026-10-02 09:56:47.526836,0 days 00:02:08.482464,30,0.2726517945261242,9,402,"{""max_depth"": 30, ""max_features"": 0.2726517945261242, ""min_samples_leaf"": 9, ""n_estimators"": 402}",COMPLETE
31,4.044856389328266,2026-10-02 09:56:47.526886,2026-10-02 10:02:22.199716,0 days 00:05:34.672830,30,0.533878542359242,9,541,"{""max_depth"": 30, ""max_features"": 0.533878542359242, ""min_samples_leaf"": 9, ""n_estimators"": 541}",COMPLETE
32,4.045260647269898,2026-10-02 10:02:22.199764,2026-10-02 10:06:28.982899,0 days 00:04:06.783135,30,0.47140622744596394,9,451,"{""max_depth"": 30, ""max_features"": 0.47140622744596394, ""min_samples_leaf"": 9, ""n_estimators"": 451}",COMPLETE
33,4.054570427998418,2026-10-02 10:06:28.982944,2026-10-02 10:10:18.391727,0 days 00:03:49.408783,30,0.5446490159967982,6,332,"{""max_depth"": 30, ""max_features"": 0.5446490159967982, ""min_samples_leaf"": 6, ""n_estimators"": 332}",COMPLETE
34,4.046280331572102,2026-10-02 10:10:18.391776,2026-10-02 10:14:44.220736,0 days 00:04:25.828960,30,0.37014594801013434,8,603,"{""max_depth"": 30, ""max_features"": 0.37014594801013434, ""min_samples_leaf"": 8, ""n_estimators"": 603}",COMPLETE
35,4.0482499061904385,2026-10-02 10:14:44.220781,2026-10-02 10:21:42.594541,0 days 00:06:58.373760,20,0.6333019352326553,7,537,"{""max_depth"": 20, ""max_features"": 0.6333019352326553, ""min_samples_leaf"": 7, ""n_estimators"": 537}",COMPLETE
36,4.048554680013051,2026-10-02 10:21:42.594588,2026-10-02 10:28:39.710744,0 days 00:06:57.116156,20,0.4550585806884804,6,724,"{""max_depth"": 20, ""max_features"": 0.4550585806884804, ""min_samples_leaf"": 6, ""n_estimators"": 724}",COMPLETE
37,4.04411126528901,2026-10-02 10:28:39.710791,2026-10-02 10:34:07.343981,0 days 00:05:27.633190,20,0.5525573971148885,8,493,"{""max_depth"": 20, ""max_features"": 0.5525573971148885, ""min_samples_leaf"": 8, ""n_estimators"": 493}",COMPLETE
38,4.048882454089214,2026-10-02 10:34:07.344030,2026-10-02 10:42:42.347587,0 days 00:08:35.003557,20,0.7523464160401943,9,581,"{""max_depth"": 20, ""max_features"": 0.7523464160401943, ""min_samples_leaf"": 9, ""n_estimators"": 581}",COMPLETE
39,4.0557356414514665,2026-10-02 10:42:42.347633,2026-10-02 10:45:51.455753,0 days 00:03:09.108120,10,0.4794730972367823,8,377,"{""max_depth"": 10, ""max_features"": 0.4794730972367823, ""min_samples_leaf"": 8, ""n_estimators"": 377}",COMPLETE
40,4.051055713192501,2026-10-02 10:45:51.455799,2026-10-02 10:49:20.075915,0 days 00:03:28.620116,30,0.37596418936811726,7,453,"{""max_depth"": 30, ""max_features"": 0.37596418936811726, ""min_samples_leaf"": 7, ""n_estimators"": 453}",COMPLETE
41,4.049708087173965,2026-10-02 10:49:20.075961,2026-10-02 10:54:44.123276,0 days 00:05:24.047315,30,0.5318820630393862,8,506,"{""max_depth"": 30, ""max_features"": 0.5318820630393862, ""min_samples_leaf"": 8, ""n_estimators"": 506}",COMPLETE
42,4.04987376716678,2026-10-02 10:54:44.123323,2026-10-02 10:59:39.239545,0 days 00:04:55.116222,20,0.5324286079685715,7,452,"{""max_depth"": 20, ""max_features"": 0.5324286079685715, ""min_samples_leaf"": 7, ""n_estimators"": 452}",COMPLETE
43,4.051587782922644,2026-10-02 10:59:39.239592,2026-10-02 11:09:11.203481,0 days 00:09:31.963889,30,0.7233039418348121,10,693,"{""max_depth"": 30, ""max_features"": 0.7233039418348121, ""min_samples_leaf"": 10, ""n_estimators"": 693}",COMPLETE
44,4.052006144645753,2026-10-02 11:09:11.203528,2026-10-02 11:15:59.722000,0 days 00:06:48.518472,30,0.5440263196953332,6,587,"{""max_depth"": 30, ""max_features"": 0.5440263196953332, ""min_samples_leaf"": 6, ""n_estimators"": 587}",COMPLETE
45,4.044785565152943,2026-10-02 11:15:59.722047,2026-10-02 11:20:13.764728,0 days 00:04:14.042681,20,0.5514049819019932,9,393,"{""max_depth"": 20, ""max_features"": 0.5514049819019932, ""min_samples_leaf"": 9, ""n_estimators"": 393}",COMPLETE
46,4.044716091430296,2026-10-02 11:20:13.764775,2026-10-02 11:23:38.768140,0 days 00:03:25.003365,20,0.5275005506415702,9,330,"{""max_depth"": 20, ""max_features"": 0.5275005506415702, ""min_samples_leaf"": 9, ""n_estimators"": 330}",COMPLETE
47,4.046696594452415,2026-10-02 11:23:38.768184,2026-10-02 11:26:55.613182,0 days 00:03:16.844998,20,0.5081744949581462,8,320,"{""max_depth"": 20, ""max_features"": 0.5081744949581462, ""min_samples_leaf"": 8, ""n_estimators"": 320}",COMPLETE
48,4.047691280222619,2026-10-02 11:26:55.613228,2026-10-02 11:29:06.479141,0 days 00:02:10.865913,20,0.36146903749690196,9,306,"{""max_depth"": 20, ""max_features"": 0.36146903749690196, ""min_samples_leaf"": 9, ""n_estimators"": 306}",COMPLETE
49,4.050813127132751,2026-10-02 11:29:06.479189,2026-10-02 11:32:21.129589,0 days 00:03:14.650400,20,0.5353543019581042,10,321,"{""max_depth"": 20, ""max_features"": 0.5353543019581042, ""min_samples_leaf"": 10, ""n_estimators"": 321}",COMPLETE
