number,value,datetime_start,datetime_complete,duration,params_colsample_bytree,params_learning_rate,params_max_depth,params_min_child_weight,params_n_estimators,params_reg_alpha,params_reg_lambda,params_subsample,system_attrs_tpe:relative_params:0,state
0,4.187231403635221,2026-10-02 06:36:49.322509,2026-10-02 06:41:31.968936,0 days 00:04:42.646427,0.7521258791466592,0.11387317092169064,7,11,1188,3.6905577292137624,0.0562793204741517,0.7118273996694524,,COMPLETE
1,4.119830508064688,2026-10-02 06:41:31.969012,2026-10-02 06:54:09.591230,0 days 00:12:37.622218,0.9479176468048627,0.036845938035010996,9,11,1935,0.002231090560744304,0.0019237305096546497,0.7840222805469661,,COMPLETE
2,4.229939498152262,2026-10-02 06:54:09.591308,2026-10-02 06:55:56.380833,0 days 00:01:46.789525,0.8594109949517064,0.16977763163336626,9,18,236,1.3246974647468452,0.07013219779945795,0.989309171116382,,COMPLETE
3,4.100864864167492,2026-10-02 06:55:56.380916,2026-10-02 06:56:32.737203,0 days 00:00:36.356287,0.5902633579933665,0.088153780513692,4,19,413,1.2500712230836255,0.011434638743472197,0.7609241608750359,,COMPLETE
4,4.0995050882367785,2026-10-02 06:56:32.737292,2026-10-02 06:57:32.190730,0 days 00:00:59.453438,0.7318537978123298,0.06912670683424535,3,13,1021,0.5336803302756715,5.956516018710568,0.8060478613612108,,COMPLETE
5,4.07902742745338,2026-10-02 06:57:32.190806,2026-10-02 07:05:04.691868,0 days 00:07:32.501062,0.7694465087327116,0.04421291893432151,8,2,847,0.0032787264983352763,0.0069427294924301495,0.8333833577228338,,COMPLETE
6,4.056236995847915,2026-10-02 07:05:04.691945,2026-10-02 07:07:09.063853,0 days 00:02:04.371908,0.3714313675236196,0.03445441737078129,7,9,768,0.004418125737902547,0.006847105576684045,0.9941869190296131,,COMPLETE
7,4.103900171460069,2026-10-02 07:07:09.063947,2026-10-02 07:10:34.340411,0 days 00:03:25.276464,0.37726259881501356,0.023666956347875266,6,5,1376,0.003570522756718293,0.4220057397195018,0.5794847918227599,,COMPLETE
8,4.055573930197468,2026-10-02 07:10:34.340490,2026-10-02 07:15:24.921738,0 days 00:04:50.581248,0.36726888552577414,0.035047075708368194,9,2,554,0.07492121411354245,8.050778165087026,0.918972453749402,,COMPLETE
9,4.164122276903178,2026-10-02 07:15:24.921804,2026-10-02 07:23:02.829827,0 days 00:07:37.908023,0.3841375928492182,0.07824023983213262,8,1,1959,0.002984770033451216,0.015295398277813725,0.6414034812882048,,COMPLETE
10,4.105013563294755,2026-10-02 07:23:02.829895,2026-10-02 07:34:33.798733,0 days 00:11:30.968838,0.6076662739540196,0.03564034261936082,10,7,1366,0.06630900947764848,0.274433689541592,0.9452212598059986,"{""colsample_bytree"": 0.6076662739540196, ""learning_rate"": 0.03564034261936082, ""max_depth"": 10, ""min_child_weight"": 7, ""n_estimators"": 1366, ""reg_alpha"": 0.06630900947764848, ""reg_lambda"": 0.274433689541592, ""subsample"": 0.9452212598059986}",COMPLETE
11,4.039062466535253,2026-10-02 07:34:33.798802,2026-10-02 07:39:32.855012,0 days 00:04:59.056210,0.37023581398948413,0.02769900112326703,9,1,478,1.1262529100504257,3.8638678237427775,0.9445024683717319,"{""colsample_bytree"": 0.37023581398948413, ""learning_rate"": 0.02769900112326703, ""max_depth"": 9, ""min_child_weight"": 1, ""n_estimators"": 478, ""reg_alpha"": 1.1262529100504257, ""reg_lambda"": 3.8638678237427775, ""subsample"": 0.9445024683717319}",COMPLETE
12,4.066397724304336,2026-10-02 07:39:32.855081,2026-10-02 07:44:29.065072,0 days 00:04:56.209991,0.43178213502675256,0.06455649551901527,10,1,498,5.826866950698469,5.589107156388151,0.9149544311486224,"{""colsample_bytree"": 0.43178213502675256, ""learning_rate"": 0.06455649551901527, ""max_depth"": 10, ""min_child_weight"": 1, ""n_estimators"": 498, ""reg_alpha"": 5.826866950698469, ""reg_lambda"": 5.589107156388151, ""subsample"": 0.9149544311486224}",COMPLETE
13,4.006128790113675,2026-10-02 07:44:29.065141,2026-10-02 07:48:30.609245,0 days 00:04:01.544104,0.39318412164058986,0.015179476016142814,8,5,671,0.19375139466922023,8.10551900570838,0.8816337863795115,"{""colsample_bytree"": 0.39318412164058986, ""learning_rate"": 0.015179476016142814, ""max_depth"": 8, ""min_child_weight"": 5, ""n_estimators"": 671, ""reg_alpha"": 0.19375139466922023, ""reg_lambda"": 8.10551900570838, ""subsample"": 0.8816337863795115}",COMPLETE
14,4.094816345502305,2026-10-02 07:48:30.609334,2026-10-02 07:54:35.356015,0 days 00:06:04.746681,0.41789622598373183,0.03037473523656929,9,6,869,1.0519209941894458,2.340233512139886,0.7171580394653593,"{""colsample_bytree"": 0.41789622598373183, ""learning_rate"": 0.03037473523656929, ""max_depth"": 9, ""min_child_weight"": 6, ""n_estimators"": 869, ""reg_alpha"": 1.0519209941894458, ""reg_lambda"": 2.340233512139886, ""subsample"": 0.7171580394653593}",COMPLETE
15,3.9920085090140525,2026-10-02 07:54:35.356083,2026-10-02 07:59:56.073002,0 days 00:05:20.716919,0.4652641850216588,0.013779559043147148,10,2,355,0.20744142635825671,8.322405811229997,0.7171333889045786,"{""colsample_bytree"": 0.4652641850216588, ""learning_rate"": 0.013779559043147148, ""max_depth"": 10, ""min_child_weight"": 2, ""n_estimators"": 355, ""reg_alpha"": 0.20744142635825671, ""reg_lambda"": 8.322405811229997, ""subsample"": 0.7171333889045786}",COMPLETE
16,4.044157429454904,2026-10-02 07:59:56.073072,2026-10-02 08:04:10.017753,0 days 00:04:13.944681,0.5473701022659837,0.028357552513159866,10,3,353,0.17677474263039178,4.898562740513586,0.6825952546463689,"{""colsample_bytree"": 0.5473701022659837, ""learning_rate"": 0.028357552513159866, ""max_depth"": 10, ""min_child_weight"": 3, ""n_estimators"": 353, ""reg_alpha"": 0.17677474263039178, ""reg_lambda"": 4.898562740513586, ""subsample"": 0.6825952546463689}",COMPLETE
17,4.028609359014781,2026-10-02 08:04:10.017823,2026-10-02 08:08:59.118808,0 days 00:04:49.100985,0.34633160176946537,0.011165119153688547,9,7,934,0.2991274399394754,0.4309130553020466,0.7611538911090986,"{""colsample_bytree"": 0.34633160176946537, ""learning_rate"": 0.011165119153688547, ""max_depth"": 9, ""min_child_weight"": 7, ""n_estimators"": 934, ""reg_alpha"": 0.2991274399394754, ""reg_lambda"": 0.4309130553020466, ""subsample"": 0.7611538911090986}",COMPLETE
18,3.990603269844985,2026-10-02 08:08:59.118879,2026-10-02 08:11:40.574684,0 days 00:02:41.455805,0.5196524513122274,0.014015866021456425,8,4,382,0.008849726700622158,2.961515122231477,0.6696813747150185,"{""colsample_bytree"": 0.5196524513122274, ""learning_rate"": 0.014015866021456425, ""max_depth"": 8, ""min_child_weight"": 4, ""n_estimators"": 382, ""reg_alpha"": 0.008849726700622158, ""reg_lambda"": 2.961515122231477, ""subsample"": 0.6696813747150185}",COMPLETE
19,4.030808878515425,2026-10-02 08:11:40.574747,2026-10-02 08:18:19.795236,0 days 00:06:39.220489,0.5894027768354565,0.012109833064771458,9,5,810,0.013406761424442443,2.9061903775791285,0.7090591868308389,"{""colsample_bytree"": 0.5894027768354565, ""learning_rate"": 0.012109833064771458, ""max_depth"": 9, ""min_child_weight"": 5, ""n_estimators"": 810, ""reg_alpha"": 0.013406761424442443, ""reg_lambda"": 2.9061903775791285, ""subsample"": 0.7090591868308389}",COMPLETE
20,3.993873898690753,2026-10-02 08:18:19.795304,2026-10-02 08:25:31.413228,0 days 00:07:11.617924,0.6113088209445364,0.013598061819630927,10,2,437,0.006937697373697814,8.20230178897086,0.6480127373967514,"{""colsample_bytree"": 0.6113088209445364, ""learning_rate"": 0.013598061819630927, ""max_depth"": 10, ""min_child_weight"": 2, ""n_estimators"": 437, ""reg_alpha"": 0.006937697373697814, ""reg_lambda"": 8.20230178897086, ""subsample"": 0.6480127373967514}",COMPLETE
21,3.9828236055281914,2026-10-02 08:25:31.413301,2026-10-02 08:30:57.755759,0 days 00:05:26.342458,0.4959778357965329,0.01045924649327903,9,4,605,0.020870587558358515,9.585217687571024,0.585345951583617,"{""colsample_bytree"": 0.4959778357965329, ""learning_rate"": 0.01045924649327903, ""max_depth"": 9, ""min_child_weight"": 4, ""n_estimators"": 605, ""reg_alpha"": 0.020870587558358515, ""reg_lambda"": 9.585217687571024, ""subsample"": 0.585345951583617}",COMPLETE
22,4.03256327791561,2026-10-02 08:30:57.755827,2026-10-02 08:34:47.170360,0 days 00:03:49.414533,0.5221093763062759,0.014403624383331766,9,6,588,0.06190789376938242,1.5810239866185332,0.5926268147672547,"{""colsample_bytree"": 0.5221093763062759, ""learning_rate"": 0.014403624383331766, ""max_depth"": 9, ""min_child_weight"": 6, ""n_estimators"": 588, ""reg_alpha"": 0.06190789376938242, ""reg_lambda"": 1.5810239866185332, ""subsample"": 0.5926268147672547}",COMPLETE
23,4.041184349437437,2026-10-02 08:34:47.170433,2026-10-02 08:43:51.382236,0 days 00:09:04.211803,0.579877016551036,0.012834210121310226,9,2,896,0.028234343212928864,2.872022280959961,0.5296661075572228,"{""colsample_bytree"": 0.579877016551036, ""learning_rate"": 0.012834210121310226, ""max_depth"": 9, ""min_child_weight"": 2, ""n_estimators"": 896, ""reg_alpha"": 0.028234343212928864, ""reg_lambda"": 2.872022280959961, ""subsample"": 0.5296661075572228}",COMPLETE
24,4.105316846106042,2026-10-02 08:43:51.382329,2026-10-02 08:49:17.727956,0 days 00:05:26.345627,0.47965171119492894,0.028142896928581105,10,5,725,0.004411332456584992,3.774540553715921,0.5650717679462168,"{""colsample_bytree"": 0.47965171119492894, ""learning_rate"": 0.028142896928581105, ""max_depth"": 10, ""min_child_weight"": 5, ""n_estimators"": 725, ""reg_alpha"": 0.004411332456584992, ""reg_lambda"": 3.774540553715921, ""subsample"": 0.5650717679462168}",COMPLETE
25,4.054378539859112,2026-10-02 08:49:17.728020,2026-10-02 08:52:55.297068,0 days 00:03:37.569048,0.33323594085976405,0.027270109549483428,10,3,418,0.05195939643120352,4.6583802420007885,0.6454468044839274,"{""colsample_bytree"": 0.33323594085976405, ""learning_rate"": 0.027270109549483428, ""max_depth"": 10, ""min_child_weight"": 3, ""n_estimators"": 418, ""reg_alpha"": 0.05195939643120352, ""reg_lambda"": 4.6583802420007885, ""subsample"": 0.6454468044839274}",COMPLETE
26,4.002424255718895,2026-10-02 08:52:55.297133,2026-10-02 08:55:29.993906,0 days 00:02:34.696773,0.6308035418665144,0.0180668919663174,9,6,309,0.008078608021837894,2.8090117438868294,0.6369582394819302,"{""colsample_bytree"": 0.6308035418665144, ""learning_rate"": 0.0180668919663174, ""max_depth"": 9, ""min_child_weight"": 6, ""n_estimators"": 309, ""reg_alpha"": 0.008078608021837894, ""reg_lambda"": 2.8090117438868294, ""subsample"": 0.6369582394819302}",COMPLETE
27,3.991932921399662,2026-10-02 08:55:29.993970,2026-10-02 09:00:42.305623,0 days 00:05:12.311653,0.5199510431541624,0.010763806383836427,10,2,301,0.12037740169332821,2.695883614944825,0.8060225075410591,"{""colsample_bytree"": 0.5199510431541624, ""learning_rate"": 0.010763806383836427, ""max_depth"": 10, ""min_child_weight"": 2, ""n_estimators"": 301, ""reg_alpha"": 0.12037740169332821, ""reg_lambda"": 2.695883614944825, ""subsample"": 0.8060225075410591}",COMPLETE
28,3.985622817067238,2026-10-02 09:00:42.305693,2026-10-02 09:05:58.015737,0 days 00:05:15.710044,0.44765044171718904,0.013425134848805519,9,1,427,0.04119708045202587,9.127441803585572,0.6044908025229185,"{""colsample_bytree"": 0.44765044171718904, ""learning_rate"": 0.013425134848805519, ""max_depth"": 9, ""min_child_weight"": 1, ""n_estimators"": 427, ""reg_alpha"": 0.04119708045202587, ""reg_lambda"": 9.127441803585572, ""subsample"": 0.6044908025229185}",COMPLETE
29,4.004903142136013,2026-10-02 09:05:58.015808,2026-10-02 09:10:13.004079,0 days 00:04:14.988271,0.6226888237674906,0.012640149246354315,8,2,515,0.19265045927633784,0.8915267598805883,0.597596860366196,"{""colsample_bytree"": 0.6226888237674906, ""learning_rate"": 0.012640149246354315, ""max_depth"": 8, ""min_child_weight"": 2, ""n_estimators"": 515, ""reg_alpha"": 0.19265045927633784, ""reg_lambda"": 0.8915267598805883, ""subsample"": 0.597596860366196}",COMPLETE
30,3.9737073613847635,2026-10-02 09:10:13.004150,2026-10-02 09:13:54.214752,0 days 00:03:41.210602,0.5908891492886033,0.013979188261846381,8,2,393,0.03817424034701946,8.856827470550709,0.6174256418314448,"{""colsample_bytree"": 0.5908891492886033, ""learning_rate"": 0.013979188261846381, ""max_depth"": 8, ""min_child_weight"": 2, ""n_estimators"": 393, ""reg_alpha"": 0.03817424034701946, ""reg_lambda"": 8.856827470550709, ""subsample"": 0.6174256418314448}",COMPLETE
31,4.010998167850091,2026-10-02 09:13:54.214818,2026-10-02 09:18:44.933217,0 days 00:04:50.718399,0.44778926736837343,0.01772703084008317,9,2,487,0.16578464845401159,8.924835723020605,0.5687953265646091,"{""colsample_bytree"": 0.44778926736837343, ""learning_rate"": 0.01772703084008317, ""max_depth"": 9, ""min_child_weight"": 2, ""n_estimators"": 487, ""reg_alpha"": 0.16578464845401159, ""reg_lambda"": 8.924835723020605, ""subsample"": 0.5687953265646091}",COMPLETE
32,4.027276741652895,2026-10-02 09:18:44.933297,2026-10-02 09:25:11.949440,0 days 00:06:27.016143,0.41168933222285853,0.013929676435365534,10,2,592,0.03999273387989743,2.4888517076193657,0.5961944060229909,"{""colsample_bytree"": 0.41168933222285853, ""learning_rate"": 0.013929676435365534, ""max_depth"": 10, ""min_child_weight"": 2, ""n_estimators"": 592, ""reg_alpha"": 0.03999273387989743, ""reg_lambda"": 2.4888517076193657, ""subsample"": 0.5961944060229909}",COMPLETE
33,4.027776310488104,2026-10-02 09:25:11.949510,2026-10-02 09:28:33.247237,0 days 00:03:21.297727,0.41203467228987267,0.015135529073874629,8,5,639,0.018472687692392836,1.8495725216375747,0.6418294968446883,"{""colsample_bytree"": 0.41203467228987267, ""learning_rate"": 0.015135529073874629, ""max_depth"": 8, ""min_child_weight"": 5, ""n_estimators"": 639, ""reg_alpha"": 0.018472687692392836, ""reg_lambda"": 1.8495725216375747, ""subsample"": 0.6418294968446883}",COMPLETE
34,3.96575040734567,2026-10-02 09:28:33.247330,2026-10-02 09:30:53.986922,0 days 00:02:20.739592,0.4504368657309733,0.01320397426369642,8,5,359,0.001771246139296673,8.849365475657084,0.5921077885677338,"{""colsample_bytree"": 0.4504368657309733, ""learning_rate"": 0.01320397426369642, ""max_depth"": 8, ""min_child_weight"": 5, ""n_estimators"": 359, ""reg_alpha"": 0.001771246139296673, ""reg_lambda"": 8.849365475657084, ""subsample"": 0.5921077885677338}",COMPLETE
35,3.997813556290218,2026-10-02 09:30:53.986986,2026-10-02 09:33:30.553583,0 days 00:02:36.566597,0.4268733009026264,0.011042018502507047,8,6,522,0.007200738878692705,1.6133184634169113,0.5442918507489913,"{""colsample_bytree"": 0.4268733009026264, ""learning_rate"": 0.011042018502507047, ""max_depth"": 8, ""min_child_weight"": 6, ""n_estimators"": 522, ""reg_alpha"": 0.007200738878692705, ""reg_lambda"": 1.6133184634169113, ""subsample"": 0.5442918507489913}",COMPLETE
36,4.0144160424168085,2026-10-02 09:33:30.553650,2026-10-02 09:39:09.241868,0 days 00:05:38.688218,0.5365062479087729,0.014733531041812414,8,3,755,0.0068147351259271426,7.944229745611179,0.6015922044239382,"{""colsample_bytree"": 0.5365062479087729, ""learning_rate"": 0.014733531041812414, ""max_depth"": 8, ""min_child_weight"": 3, ""n_estimators"": 755, ""reg_alpha"": 0.0068147351259271426, ""reg_lambda"": 7.944229745611179, ""subsample"": 0.6015922044239382}",COMPLETE
37,3.9697076104725872,2026-10-02 09:39:09.241939,2026-10-02 09:40:43.702145,0 days 00:01:34.460206,0.4436631581305883,0.0128796387934686,7,3,293,0.030061841577575604,7.964686072843086,0.617871943345882,"{""colsample_bytree"": 0.4436631581305883, ""learning_rate"": 0.0128796387934686, ""max_depth"": 7, ""min_child_weight"": 3, ""n_estimators"": 293, ""reg_alpha"": 0.030061841577575604, ""reg_lambda"": 7.964686072843086, ""subsample"": 0.617871943345882}",COMPLETE
38,3.9808711534126555,2026-10-02 09:40:43.702214,2026-10-02 09:43:03.045004,0 days 00:02:19.342790,0.5191687492874083,0.012716969343954523,9,7,263,0.002526830195704175,8.171014219267366,0.6644963454833868,"{""colsample_bytree"": 0.5191687492874083, ""learning_rate"": 0.012716969343954523, ""max_depth"": 9, ""min_child_weight"": 7, ""n_estimators"": 263, ""reg_alpha"": 0.002526830195704175, ""reg_lambda"": 8.171014219267366, ""subsample"": 0.6644963454833868}",COMPLETE
39,4.030297813707095,2026-10-02 09:43:03.045083,2026-10-02 09:45:38.753834,0 days 00:02:35.708751,0.4113286844228838,0.019230201014635177,8,7,556,0.0017552699072292447,4.267122227290999,0.569956252187417,"{""colsample_bytree"": 0.4113286844228838, ""learning_rate"": 0.019230201014635177, ""max_depth"": 8, ""min_child_weight"": 7, ""n_estimators"": 556, ""reg_alpha"": 0.0017552699072292447, ""reg_lambda"": 4.267122227290999, ""subsample"": 0.569956252187417}",COMPLETE
40,3.972177263195101,2026-10-02 09:45:38.753898,2026-10-02 09:47:03.585201,0 days 00:01:24.831303,0.3913456529040976,0.012642786662258133,7,4,327,0.0022403196307852658,3.908851326129052,0.5937175337530018,"{""colsample_bytree"": 0.3913456529040976, ""learning_rate"": 0.012642786662258133, ""max_depth"": 7, ""min_child_weight"": 4, ""n_estimators"": 327, ""reg_alpha"": 0.0022403196307852658, ""reg_lambda"": 3.908851326129052, ""subsample"": 0.5937175337530018}",COMPLETE
41,3.9643194245775377,2026-10-02 09:47:03.585269,2026-10-02 09:48:23.347286,0 days 00:01:19.762017,0.3178630595816715,0.015071515964557993,7,5,361,0.002063731745858366,5.569400959443654,0.56629707830094,"{""colsample_bytree"": 0.3178630595816715, ""learning_rate"": 0.015071515964557993, ""max_depth"": 7, ""min_child_weight"": 5, ""n_estimators"": 361, ""reg_alpha"": 0.002063731745858366, ""reg_lambda"": 5.569400959443654, ""subsample"": 0.56629707830094}",COMPLETE
42,3.9829068438371658,2026-10-02 09:48:23.347379,2026-10-02 09:50:08.222046,0 days 00:01:44.874667,0.40538752358905616,0.019209533303372193,8,3,270,0.004899745871686617,4.462649215489531,0.5181368914580929,"{""colsample_bytree"": 0.40538752358905616, ""learning_rate"": 0.019209533303372193, ""max_depth"": 8, ""min_child_weight"": 3, ""n_estimators"": 270, ""reg_alpha"": 0.004899745871686617, ""reg_lambda"": 4.462649215489531, ""subsample"": 0.5181368914580929}",COMPLETE
43,3.9847521432977504,2026-10-02 09:50:08.222111,2026-10-02 09:52:43.568529,0 days 00:02:35.346418,0.30482222963479383,0.013701183953160981,8,5,508,0.005193275159846447,8.401396605017112,0.6122179338944326,"{""colsample_bytree"": 0.30482222963479383, ""learning_rate"": 0.013701183953160981, ""max_depth"": 8, ""min_child_weight"": 5, ""n_estimators"": 508, ""reg_alpha"": 0.005193275159846447, ""reg_lambda"": 8.401396605017112, ""subsample"": 0.6122179338944326}",COMPLETE
44,3.9722576255635382,2026-10-02 09:52:43.568602,2026-10-02 09:54:22.283459,0 days 00:01:38.714857,0.412346849576288,0.011582874485495352,7,6,363,0.003409645127478151,5.880712915141217,0.6082998397045631,"{""colsample_bytree"": 0.412346849576288, ""learning_rate"": 0.011582874485495352, ""max_depth"": 7, ""min_child_weight"": 6, ""n_estimators"": 363, ""reg_alpha"": 0.003409645127478151, ""reg_lambda"": 5.880712915141217, ""subsample"": 0.6082998397045631}",COMPLETE
45,3.9723226111076304,2026-10-02 09:54:22.283525,2026-10-02 09:55:25.087963,0 days 00:01:02.804438,0.33481129710016233,0.01646070370220304,7,5,243,0.002659592392331951,8.05737026657982,0.590502935536981,"{""colsample_bytree"": 0.33481129710016233, ""learning_rate"": 0.01646070370220304, ""max_depth"": 7, ""min_child_weight"": 5, ""n_estimators"": 243, ""reg_alpha"": 0.002659592392331951, ""reg_lambda"": 8.05737026657982, ""subsample"": 0.590502935536981}",COMPLETE
46,3.9939550994256163,2026-10-02 09:55:25.088035,2026-10-02 09:57:24.618163,0 days 00:01:59.530128,0.4166969440487903,0.01758679662265061,7,1,364,0.003843475967089723,3.277351348513028,0.5868040342008365,"{""colsample_bytree"": 0.4166969440487903, ""learning_rate"": 0.01758679662265061, ""max_depth"": 7, ""min_child_weight"": 1, ""n_estimators"": 364, ""reg_alpha"": 0.003843475967089723, ""reg_lambda"": 3.277351348513028, ""subsample"": 0.5868040342008365}",COMPLETE
47,3.989626714545327,2026-10-02 09:57:24.618231,2026-10-02 10:00:23.817703,0 days 00:02:59.199472,0.38362452818871173,0.012582731498935223,8,3,457,0.0014597713152482924,8.070518968072971,0.533346018478395,"{""colsample_bytree"": 0.38362452818871173, ""learning_rate"": 0.012582731498935223, ""max_depth"": 8, ""min_child_weight"": 3, ""n_estimators"": 457, ""reg_alpha"": 0.0014597713152482924, ""reg_lambda"": 8.070518968072971, ""subsample"": 0.533346018478395}",COMPLETE
48,4.00087532783284,2026-10-02 10:00:23.817769,2026-10-02 10:01:43.387334,0 days 00:01:19.569565,0.40869104480277746,0.011028767556608863,8,5,201,0.009164308802258478,3.470077989690845,0.6083322673304807,"{""colsample_bytree"": 0.40869104480277746, ""learning_rate"": 0.011028767556608863, ""max_depth"": 8, ""min_child_weight"": 5, ""n_estimators"": 201, ""reg_alpha"": 0.009164308802258478, ""reg_lambda"": 3.470077989690845, ""subsample"": 0.6083322673304807}",COMPLETE
49,3.9897982161692305,2026-10-02 10:01:43.387397,2026-10-02 10:02:49.063706,0 days 00:01:05.676309,0.38079489641391334,0.01619608914956439,7,7,297,0.013341343242004727,3.7608003493932753,0.5000972114270454,"{""colsample_bytree"": 0.38079489641391334, ""learning_rate"": 0.01619608914956439, ""max_depth"": 7, ""min_child_weight"": 7, ""n_estimators"": 297, ""reg_alpha"": 0.013341343242004727, ""reg_lambda"": 3.7608003493932753, ""subsample"": 0.5000972114270454}",COMPLETE
