number,value,datetime_start,datetime_complete,duration,params_max_depth,params_max_features,params_min_samples_leaf,params_n_estimators,system_attrs_tpe:relative_params:0,state
0,4.080320077275309,2026-10-02 06:27:10.071095,2026-10-02 06:40:24.633940,0 days 00:13:14.562845,40,0.7436704297351775,7,684,,COMPLETE
1,4.080195918914747,2026-10-02 06:40:24.634002,2026-10-02 06:51:24.662954,0 days 00:11:00.028952,20,0.4450973669431999,8,975,,COMPLETE
2,4.094256679865368,2026-10-02 06:51:24.663018,2026-10-02 06:57:22.331233,0 days 00:05:57.668215,10,0.8493578609931441,8,314,,COMPLETE
3,4.0971007457489605,2026-10-02 06:57:22.331298,2026-10-02 07:05:56.241427,0 days 00:08:33.910129,0,0.6759289191947714,2,382,,COMPLETE
4,4.111024324407586,2026-10-02 07:05:56.241492,2026-10-02 07:19:58.681021,0 days 00:14:02.439529,30,0.6115905539817836,1,619,,COMPLETE
5,4.082236774292263,2026-10-02 07:19:58.681084,2026-10-02 07:27:05.165864,0 days 00:07:06.484780,20,0.4933287584194074,7,552,,COMPLETE
6,4.093599360766363,2026-10-02 07:27:05.165937,2026-10-02 07:32:13.090144,0 days 00:05:07.924207,10,0.42733969384836035,6,521,,COMPLETE
7,4.084195525883146,2026-10-02 07:32:13.090215,2026-10-02 07:39:11.977209,0 days 00:06:58.886994,30,0.3279624422858039,5,757,,COMPLETE
8,4.080833089218768,2026-10-02 07:39:11.977270,2026-10-02 07:43:51.850191,0 days 00:04:39.872921,30,0.4318526535948677,9,437,,COMPLETE
9,4.080425723976206,2026-10-02 07:43:51.850246,2026-10-02 07:59:55.374208,0 days 00:16:03.523962,30,0.6443609677705414,8,984,,COMPLETE
10,4.089836011983377,2026-10-02 07:59:55.374258,2026-10-02 08:22:46.812723,0 days 00:22:51.438465,20,0.9848925793680965,4,804,"{""max_depth"": 20, ""max_features"": 0.9848925793680965, ""min_samples_leaf"": 4, ""n_estimators"": 804}",COMPLETE
11,4.084880129993148,2026-10-02 08:22:46.812777,2026-10-02 08:27:29.043195,0 days 00:04:42.230418,20,0.2610712558604621,10,742,"{""max_depth"": 20, ""max_features"": 0.2610712558604621, ""min_samples_leaf"": 10, ""n_estimators"": 742}",COMPLETE
12,4.08288416803846,2026-10-02 08:27:29.043249,2026-10-02 08:40:31.783175,0 days 00:13:02.739926,40,0.8377455512659289,8,606,"{""max_depth"": 40, ""max_features"": 0.8377455512659289, ""min_samples_leaf"": 8, ""n_estimators"": 606}",COMPLETE
13,4.083608018450854,2026-10-02 08:40:31.783228,2026-10-02 08:50:09.217353,0 days 00:09:37.434125,20,0.3439970441207535,5,988,"{""max_depth"": 20, ""max_features"": 0.3439970441207535, ""min_samples_leaf"": 5, ""n_estimators"": 988}",COMPLETE
14,4.080052412165817,2026-10-02 08:50:09.217410,2026-10-02 09:03:51.284199,0 days 00:13:42.066789,20,0.5768420309545932,10,965,"{""max_depth"": 20, ""max_features"": 0.5768420309545932, ""min_samples_leaf"": 10, ""n_estimators"": 965}",COMPLETE
15,4.080021828037149,2026-10-02 09:03:51.284259,2026-10-02 09:13:47.342989,0 days 00:09:56.058730,20,0.4427000758610302,9,885,"{""max_depth"": 20, ""max_features"": 0.4427000758610302, ""min_samples_leaf"": 9, ""n_estimators"": 885}",COMPLETE
16,4.091003554593344,2026-10-02 09:13:47.343041,2026-10-02 09:26:35.867339,0 days 00:12:48.524298,10,0.6733129670253685,10,864,"{""max_depth"": 10, ""max_features"": 0.6733129670253685, ""min_samples_leaf"": 10, ""n_estimators"": 864}",COMPLETE
17,4.091995998244214,2026-10-02 09:26:35.867391,2026-10-02 09:30:40.425463,0 days 00:04:04.558072,20,0.17461784872175784,10,959,"{""max_depth"": 20, ""max_features"": 0.17461784872175784, ""min_samples_leaf"": 10, ""n_estimators"": 959}",COMPLETE
18,4.0815211760314005,2026-10-02 09:30:40.425536,2026-10-02 09:52:04.889950,0 days 00:21:24.464414,20,0.8944345668914011,10,985,"{""max_depth"": 20, ""max_features"": 0.8944345668914011, ""min_samples_leaf"": 10, ""n_estimators"": 985}",COMPLETE
19,4.078305388392882,2026-10-02 09:52:04.890003,2026-10-02 10:02:13.065071,0 days 00:10:08.175068,0,0.46219068093992366,8,849,"{""max_depth"": 0, ""max_features"": 0.46219068093992366, ""min_samples_leaf"": 8, ""n_estimators"": 849}",COMPLETE
20,4.0773251638533585,2026-10-02 10:02:13.065125,2026-10-02 10:12:35.162160,0 days 00:10:22.097035,0,0.5278931157693022,9,782,"{""max_depth"": 0, ""max_features"": 0.5278931157693022, ""min_samples_leaf"": 9, ""n_estimators"": 782}",COMPLETE
21,4.075296191847624,2026-10-02 10:12:35.162213,2026-10-02 10:26:04.802039,0 days 00:13:29.639826,0,0.6004368469472564,8,881,"{""max_depth"": 0, ""max_features"": 0.6004368469472564, ""min_samples_leaf"": 8, ""n_estimators"": 881}",COMPLETE
22,4.0821761777067245,2026-10-02 10:26:04.802089,2026-10-02 10:31:46.869659,0 days 00:05:42.067570,0,0.23799258001119894,8,937,"{""max_depth"": 0, ""max_features"": 0.23799258001119894, ""min_samples_leaf"": 8, ""n_estimators"": 937}",COMPLETE
23,4.080205070152378,2026-10-02 10:31:46.869711,2026-10-02 10:45:10.663716,0 days 00:13:23.794005,0,0.525159771190736,5,908,"{""max_depth"": 0, ""max_features"": 0.525159771190736, ""min_samples_leaf"": 5, ""n_estimators"": 908}",COMPLETE
24,4.082290513623881,2026-10-02 10:45:10.663767,2026-10-02 10:51:22.445688,0 days 00:06:11.781921,0,0.3500915816400879,8,691,"{""max_depth"": 0, ""max_features"": 0.3500915816400879, ""min_samples_leaf"": 8, ""n_estimators"": 691}",COMPLETE
25,4.080397099344084,2026-10-02 10:51:22.445741,2026-10-02 11:03:27.113212,0 days 00:12:04.667471,0,0.5778465986680313,9,846,"{""max_depth"": 0, ""max_features"": 0.5778465986680313, ""min_samples_leaf"": 9, ""n_estimators"": 846}",COMPLETE
26,4.079950349665203,2026-10-02 11:03:27.113264,2026-10-02 11:19:17.595137,0 days 00:15:50.481873,0,0.7442019049374294,7,817,"{""max_depth"": 0, ""max_features"": 0.7442019049374294, ""min_samples_leaf"": 7, ""n_estimators"": 817}",COMPLETE
27,4.07959719597302,2026-10-02 11:19:17.595189,2026-10-02 11:27:00.436728,0 days 00:07:42.841539,0,0.3540926116594134,7,836,"{""max_depth"": 0, ""max_features"": 0.3540926116594134, ""min_samples_leaf"": 7, ""n_estimators"": 836}",COMPLETE
28,4.081188164534325,2026-10-02 11:27:00.436781,2026-10-02 11:37:36.938903,0 days 00:10:36.502122,0,0.5849764418355649,7,695,"{""max_depth"": 0, ""max_features"": 0.5849764418355649, ""min_samples_leaf"": 7, ""n_estimators"": 695}",COMPLETE
29,4.07916685529828,2026-10-02 11:37:36.938954,2026-10-02 11:46:38.721894,0 days 00:09:01.782940,0,0.4423792957796431,10,836,"{""max_depth"": 0, ""max_features"": 0.4423792957796431, ""min_samples_leaf"": 10, ""n_estimators"": 836}",COMPLETE
30,4.078107649241299,2026-10-02 11:46:38.721947,2026-10-02 12:06:19.272881,0 days 00:19:40.550934,0,0.7920670613738868,7,948,"{""max_depth"": 0, ""max_features"": 0.7920670613738868, ""min_samples_leaf"": 7, ""n_estimators"": 948}",COMPLETE
