number,value,datetime_start,datetime_complete,duration,params_colsample_bytree,params_learning_rate,params_max_depth,params_min_child_weight,params_n_estimators,params_reg_alpha,params_reg_lambda,params_subsample,system_attrs_tpe:relative_params:0,state
0,4.279432016929128,2026-10-02 06:39:30.923665,2026-10-02 06:43:59.243892,0 days 00:04:28.320227,0.7521258791466592,0.11387317092169064,7,11,1188,3.6905577292137624,0.0562793204741517,0.7118273996694524,,COMPLETE
1,4.18612743102921,2026-10-02 06:43:59.243965,2026-10-02 06:56:04.557415,0 days 00:12:05.313450,0.9479176468048627,0.036845938035010996,9,11,1935,0.002231090560744304,0.0019237305096546497,0.7840222805469661,,COMPLETE
2,4.2670688279632145,2026-10-02 06:56:04.557497,2026-10-02 06:57:45.964657,0 days 00:01:41.407160,0.8594109949517064,0.16977763163336626,9,18,236,1.3246974647468452,0.07013219779945795,0.989309171116382,,COMPLETE
3,4.1453507306102155,2026-10-02 06:57:45.964728,2026-10-02 06:58:19.917001,0 days 00:00:33.952273,0.5902633579933665,0.088153780513692,4,19,413,1.2500712230836255,0.011434638743472197,0.7609241608750359,,COMPLETE
4,4.155092980393953,2026-10-02 06:58:19.917070,2026-10-02 06:59:18.260271,0 days 00:00:58.343201,0.7318537978123298,0.06912670683424535,3,13,1021,0.5336803302756715,5.956516018710568,0.8060478613612108,,COMPLETE
5,4.133767459028551,2026-10-02 06:59:18.260339,2026-10-02 07:06:46.606805,0 days 00:07:28.346466,0.7694465087327116,0.04421291893432151,8,2,847,0.0032787264983352763,0.0069427294924301495,0.8333833577228338,,COMPLETE
6,4.112067148523175,2026-10-02 07:06:46.606882,2026-10-02 07:08:44.880837,0 days 00:01:58.273955,0.3714313675236196,0.03445441737078129,7,9,768,0.004418125737902547,0.006847105576684045,0.9941869190296131,,COMPLETE
7,4.155859235847751,2026-10-02 07:08:44.880916,2026-10-02 07:12:01.668993,0 days 00:03:16.788077,0.37726259881501356,0.023666956347875266,6,5,1376,0.003570522756718293,0.4220057397195018,0.5794847918227599,,COMPLETE
8,4.097727699222754,2026-10-02 07:12:01.669064,2026-10-02 07:16:34.028453,0 days 00:04:32.359389,0.36726888552577414,0.035047075708368194,9,2,554,0.07492121411354245,8.050778165087026,0.918972453749402,,COMPLETE
9,4.227795076035897,2026-10-02 07:16:34.028515,2026-10-02 07:23:51.777897,0 days 00:07:17.749382,0.3841375928492182,0.07824023983213262,8,1,1959,0.002984770033451216,0.015295398277813725,0.6414034812882048,,COMPLETE
10,4.130329144692235,2026-10-02 07:23:51.777957,2026-10-02 07:34:22.182361,0 days 00:10:30.404404,0.6076662739540196,0.03564034261936082,10,7,1366,0.06630900947764848,0.274433689541592,0.9452212598059986,"{""colsample_bytree"": 0.6076662739540196, ""learning_rate"": 0.03564034261936082, ""max_depth"": 10, ""min_child_weight"": 7, ""n_estimators"": 1366, ""reg_alpha"": 0.06630900947764848, ""reg_lambda"": 0.274433689541592, ""subsample"": 0.9452212598059986}",COMPLETE
11,4.0836114770604794,2026-10-02 07:34:22.182430,2026-10-02 07:39:10.920379,0 days 00:04:48.737949,0.37023581398948413,0.02769900112326703,9,1,478,1.1262529100504257,3.8638678237427775,0.9445024683717319,"{""colsample_bytree"": 0.37023581398948413, ""learning_rate"": 0.02769900112326703, ""max_depth"": 9, ""min_child_weight"": 1, ""n_estimators"": 478, ""reg_alpha"": 1.1262529100504257, ""reg_lambda"": 3.8638678237427775, ""subsample"": 0.9445024683717319}",COMPLETE
12,4.122566753723187,2026-10-02 07:39:10.920442,2026-10-02 07:43:52.717939,0 days 00:04:41.797497,0.43178213502675256,0.06455649551901527,10,1,498,5.826866950698469,5.589107156388151,0.9149544311486224,"{""colsample_bytree"": 0.43178213502675256, ""learning_rate"": 0.06455649551901527, ""max_depth"": 10, ""min_child_weight"": 1, ""n_estimators"": 498, ""reg_alpha"": 5.826866950698469, ""reg_lambda"": 5.589107156388151, ""subsample"": 0.9149544311486224}",COMPLETE
13,4.046167210078269,2026-10-02 07:43:52.718001,2026-10-02 07:47:34.747409,0 days 00:03:42.029408,0.39318412164058986,0.015179476016142814,8,5,671,0.19375139466922023,8.10551900570838,0.8816337863795115,"{""colsample_bytree"": 0.39318412164058986, ""learning_rate"": 0.015179476016142814, ""max_depth"": 8, ""min_child_weight"": 5, ""n_estimators"": 671, ""reg_alpha"": 0.19375139466922023, ""reg_lambda"": 8.10551900570838, ""subsample"": 0.8816337863795115}",COMPLETE
14,4.118949255459708,2026-10-02 07:47:34.747470,2026-10-02 07:53:11.353512,0 days 00:05:36.606042,0.41789622598373183,0.03037473523656929,9,6,869,1.0519209941894458,2.340233512139886,0.7171580394653593,"{""colsample_bytree"": 0.41789622598373183, ""learning_rate"": 0.03037473523656929, ""max_depth"": 9, ""min_child_weight"": 6, ""n_estimators"": 869, ""reg_alpha"": 1.0519209941894458, ""reg_lambda"": 2.340233512139886, ""subsample"": 0.7171580394653593}",COMPLETE
15,4.0173540366076885,2026-10-02 07:53:11.353575,2026-10-02 07:58:23.180238,0 days 00:05:11.826663,0.4652641850216588,0.013779559043147148,10,2,355,0.20744142635825671,8.322405811229997,0.7171333889045786,"{""colsample_bytree"": 0.4652641850216588, ""learning_rate"": 0.013779559043147148, ""max_depth"": 10, ""min_child_weight"": 2, ""n_estimators"": 355, ""reg_alpha"": 0.20744142635825671, ""reg_lambda"": 8.322405811229997, ""subsample"": 0.7171333889045786}",COMPLETE
16,4.092422128637664,2026-10-02 07:58:23.180324,2026-10-02 08:02:25.443301,0 days 00:04:02.262977,0.5473701022659837,0.028357552513159866,10,3,353,0.17677474263039178,4.898562740513586,0.6825952546463689,"{""colsample_bytree"": 0.5473701022659837, ""learning_rate"": 0.028357552513159866, ""max_depth"": 10, ""min_child_weight"": 3, ""n_estimators"": 353, ""reg_alpha"": 0.17677474263039178, ""reg_lambda"": 4.898562740513586, ""subsample"": 0.6825952546463689}",COMPLETE
17,4.069895996392322,2026-10-02 08:02:25.443362,2026-10-02 08:06:50.832879,0 days 00:04:25.389517,0.34633160176946537,0.011165119153688547,9,7,934,0.2991274399394754,0.4309130553020466,0.7611538911090986,"{""colsample_bytree"": 0.34633160176946537, ""learning_rate"": 0.011165119153688547, ""max_depth"": 9, ""min_child_weight"": 7, ""n_estimators"": 934, ""reg_alpha"": 0.2991274399394754, ""reg_lambda"": 0.4309130553020466, ""subsample"": 0.7611538911090986}",COMPLETE
18,4.013580243079769,2026-10-02 08:06:50.832948,2026-10-02 08:09:24.279483,0 days 00:02:33.446535,0.5196524513122274,0.014015866021456425,8,4,382,0.008849726700622158,2.961515122231477,0.6696813747150185,"{""colsample_bytree"": 0.5196524513122274, ""learning_rate"": 0.014015866021456425, ""max_depth"": 8, ""min_child_weight"": 4, ""n_estimators"": 382, ""reg_alpha"": 0.008849726700622158, ""reg_lambda"": 2.961515122231477, ""subsample"": 0.6696813747150185}",COMPLETE
19,4.069526801046521,2026-10-02 08:09:24.279542,2026-10-02 08:15:41.602414,0 days 00:06:17.322872,0.5894027768354565,0.012109833064771458,9,5,810,0.013406761424442443,2.9061903775791285,0.7090591868308389,"{""colsample_bytree"": 0.5894027768354565, ""learning_rate"": 0.012109833064771458, ""max_depth"": 9, ""min_child_weight"": 5, ""n_estimators"": 810, ""reg_alpha"": 0.013406761424442443, ""reg_lambda"": 2.9061903775791285, ""subsample"": 0.7090591868308389}",COMPLETE
20,4.0229230186408484,2026-10-02 08:15:41.602473,2026-10-02 08:22:36.047867,0 days 00:06:54.445394,0.6113088209445364,0.013598061819630927,10,2,437,0.006937697373697814,8.20230178897086,0.6480127373967514,"{""colsample_bytree"": 0.6113088209445364, ""learning_rate"": 0.013598061819630927, ""max_depth"": 10, ""min_child_weight"": 2, ""n_estimators"": 437, ""reg_alpha"": 0.006937697373697814, ""reg_lambda"": 8.20230178897086, ""subsample"": 0.6480127373967514}",COMPLETE
21,4.020400936764638,2026-10-02 08:22:36.047929,2026-10-02 08:27:50.784053,0 days 00:05:14.736124,0.4959778357965329,0.01045924649327903,9,4,605,0.020870587558358515,9.585217687571024,0.585345951583617,"{""colsample_bytree"": 0.4959778357965329, ""learning_rate"": 0.01045924649327903, ""max_depth"": 9, ""min_child_weight"": 4, ""n_estimators"": 605, ""reg_alpha"": 0.020870587558358515, ""reg_lambda"": 9.585217687571024, ""subsample"": 0.585345951583617}",COMPLETE
22,4.068283465364096,2026-10-02 08:27:50.784118,2026-10-02 08:31:26.217001,0 days 00:03:35.432883,0.5221093763062759,0.014403624383331766,9,6,588,0.06190789376938242,1.5810239866185332,0.5926268147672547,"{""colsample_bytree"": 0.5221093763062759, ""learning_rate"": 0.014403624383331766, ""max_depth"": 9, ""min_child_weight"": 6, ""n_estimators"": 588, ""reg_alpha"": 0.06190789376938242, ""reg_lambda"": 1.5810239866185332, ""subsample"": 0.5926268147672547}",COMPLETE
23,4.081677725803563,2026-10-02 08:31:26.217065,2026-10-02 08:40:00.844358,0 days 00:08:34.627293,0.579877016551036,0.012834210121310226,9,2,896,0.028234343212928864,2.872022280959961,0.5296661075572228,"{""colsample_bytree"": 0.579877016551036, ""learning_rate"": 0.012834210121310226, ""max_depth"": 9, ""min_child_weight"": 2, ""n_estimators"": 896, ""reg_alpha"": 0.028234343212928864, ""reg_lambda"": 2.872022280959961, ""subsample"": 0.5296661075572228}",COMPLETE
24,4.151756161111153,2026-10-02 08:40:00.844422,2026-10-02 08:45:09.303536,0 days 00:05:08.459114,0.47965171119492894,0.028142896928581105,10,5,725,0.004411332456584992,3.774540553715921,0.5650717679462168,"{""colsample_bytree"": 0.47965171119492894, ""learning_rate"": 0.028142896928581105, ""max_depth"": 10, ""min_child_weight"": 5, ""n_estimators"": 725, ""reg_alpha"": 0.004411332456584992, ""reg_lambda"": 3.774540553715921, ""subsample"": 0.5650717679462168}",COMPLETE
25,4.10705877222085,2026-10-02 08:45:09.303597,2026-10-02 08:48:32.165585,0 days 00:03:22.861988,0.33323594085976405,0.027270109549483428,10,3,418,0.05195939643120352,4.6583802420007885,0.6454468044839274,"{""colsample_bytree"": 0.33323594085976405, ""learning_rate"": 0.027270109549483428, ""max_depth"": 10, ""min_child_weight"": 3, ""n_estimators"": 418, ""reg_alpha"": 0.05195939643120352, ""reg_lambda"": 4.6583802420007885, ""subsample"": 0.6454468044839274}",COMPLETE
26,4.027923637118807,2026-10-02 08:48:32.165648,2026-10-02 08:51:01.283312,0 days 00:02:29.117664,0.6308035418665144,0.0180668919663174,9,6,309,0.008078608021837894,2.8090117438868294,0.6369582394819302,"{""colsample_bytree"": 0.6308035418665144, ""learning_rate"": 0.0180668919663174, ""max_depth"": 9, ""min_child_weight"": 6, ""n_estimators"": 309, ""reg_alpha"": 0.008078608021837894, ""reg_lambda"": 2.8090117438868294, ""subsample"": 0.6369582394819302}",COMPLETE
27,4.018944980558639,2026-10-02 08:51:01.283374,2026-10-02 08:55:58.964565,0 days 00:04:57.681191,0.5199510431541624,0.010763806383836427,10,2,301,0.12037740169332821,2.695883614944825,0.8060225075410591,"{""colsample_bytree"": 0.5199510431541624, ""learning_rate"": 0.010763806383836427, ""max_depth"": 10, ""min_child_weight"": 2, ""n_estimators"": 301, ""reg_alpha"": 0.12037740169332821, ""reg_lambda"": 2.695883614944825, ""subsample"": 0.8060225075410591}",COMPLETE
28,4.036050090940394,2026-10-02 08:55:58.964626,2026-10-02 09:06:09.735324,0 days 00:10:10.770698,0.5192493950631303,0.01036682252717878,10,1,610,0.07884184855622935,6.732746008316496,0.7391925497153214,"{""colsample_bytree"": 0.5192493950631303, ""learning_rate"": 0.01036682252717878, ""max_depth"": 10, ""min_child_weight"": 1, ""n_estimators"": 610, ""reg_alpha"": 0.07884184855622935, ""reg_lambda"": 6.732746008316496, ""subsample"": 0.7391925497153214}",COMPLETE
29,4.061537848743537,2026-10-02 09:06:09.735388,2026-10-02 09:12:14.460467,0 days 00:06:04.725079,0.493295137701266,0.016153645153785878,10,3,547,0.08917187405134853,4.206056067285894,0.8365599326523657,"{""colsample_bytree"": 0.493295137701266, ""learning_rate"": 0.016153645153785878, ""max_depth"": 10, ""min_child_weight"": 3, ""n_estimators"": 547, ""reg_alpha"": 0.08917187405134853, ""reg_lambda"": 4.206056067285894, ""subsample"": 0.8365599326523657}",COMPLETE
30,4.00816778092614,2026-10-02 09:12:14.460528,2026-10-02 09:16:03.219862,0 days 00:03:48.759334,0.5814071372567604,0.01056010821476362,9,5,375,0.43376330899178966,6.046613890410049,0.7526782406757643,"{""colsample_bytree"": 0.5814071372567604, ""learning_rate"": 0.01056010821476362, ""max_depth"": 9, ""min_child_weight"": 5, ""n_estimators"": 375, ""reg_alpha"": 0.43376330899178966, ""reg_lambda"": 6.046613890410049, ""subsample"": 0.7526782406757643}",COMPLETE
31,4.013090198765037,2026-10-02 09:16:03.219922,2026-10-02 09:22:24.759065,0 days 00:06:21.539143,0.6376155975601696,0.015335459251355169,10,1,283,0.406408695986498,9.843970964066973,0.7496259804120781,"{""colsample_bytree"": 0.6376155975601696, ""learning_rate"": 0.015335459251355169, ""max_depth"": 10, ""min_child_weight"": 1, ""n_estimators"": 283, ""reg_alpha"": 0.406408695986498, ""reg_lambda"": 9.843970964066973, ""subsample"": 0.7496259804120781}",COMPLETE
32,4.0671108693611,2026-10-02 09:22:24.759128,2026-10-02 09:29:43.126920,0 days 00:07:18.367792,0.4542940116504527,0.01451549593633926,10,1,526,0.40401535864795785,2.610449624063783,0.7170842131374376,"{""colsample_bytree"": 0.4542940116504527, ""learning_rate"": 0.01451549593633926, ""max_depth"": 10, ""min_child_weight"": 1, ""n_estimators"": 526, ""reg_alpha"": 0.40401535864795785, ""reg_lambda"": 2.610449624063783, ""subsample"": 0.7170842131374376}",COMPLETE
33,4.029082661303797,2026-10-02 09:29:43.126985,2026-10-02 09:32:41.951084,0 days 00:02:58.824099,0.5148546312201641,0.018406294189603156,9,3,294,1.14060607584222,3.9514134022482237,0.7486533067720834,"{""colsample_bytree"": 0.5148546312201641, ""learning_rate"": 0.018406294189603156, ""max_depth"": 9, ""min_child_weight"": 3, ""n_estimators"": 294, ""reg_alpha"": 1.14060607584222, ""reg_lambda"": 3.9514134022482237, ""subsample"": 0.7486533067720834}",COMPLETE
34,4.0260458648553685,2026-10-02 09:32:41.951142,2026-10-02 09:39:21.438145,0 days 00:06:39.487003,0.7054236778017801,0.011343320315466419,10,3,431,0.08255917022935892,6.602347489134365,0.6589431150983683,"{""colsample_bytree"": 0.7054236778017801, ""learning_rate"": 0.011343320315466419, ""max_depth"": 10, ""min_child_weight"": 3, ""n_estimators"": 431, ""reg_alpha"": 0.08255917022935892, ""reg_lambda"": 6.602347489134365, ""subsample"": 0.6589431150983683}",COMPLETE
35,4.054536618190103,2026-10-02 09:39:21.438207,2026-10-02 09:47:28.748201,0 days 00:08:07.309994,0.7009400913997408,0.016088461385212378,10,2,498,0.16967204853239579,6.358537734744295,0.7656914218764463,"{""colsample_bytree"": 0.7009400913997408, ""learning_rate"": 0.016088461385212378, ""max_depth"": 10, ""min_child_weight"": 2, ""n_estimators"": 498, ""reg_alpha"": 0.16967204853239579, ""reg_lambda"": 6.358537734744295, ""subsample"": 0.7656914218764463}",COMPLETE
36,3.997346569808849,2026-10-02 09:47:28.748283,2026-10-02 09:50:34.417724,0 days 00:03:05.669441,0.6330581750302564,0.010877798536076348,9,5,262,4.227008533856464,7.838095460851457,0.7253633527932004,"{""colsample_bytree"": 0.6330581750302564, ""learning_rate"": 0.010877798536076348, ""max_depth"": 9, ""min_child_weight"": 5, ""n_estimators"": 262, ""reg_alpha"": 4.227008533856464, ""reg_lambda"": 7.838095460851457, ""subsample"": 0.7253633527932004}",COMPLETE
37,4.029176142106954,2026-10-02 09:50:34.417781,2026-10-02 09:54:36.143642,0 days 00:04:01.725861,0.6417606630294036,0.012613045062115543,10,4,295,0.40064721749797044,2.542548242150188,0.7016291519329098,"{""colsample_bytree"": 0.6417606630294036, ""learning_rate"": 0.012613045062115543, ""max_depth"": 10, ""min_child_weight"": 4, ""n_estimators"": 295, ""reg_alpha"": 0.40064721749797044, ""reg_lambda"": 2.542548242150188, ""subsample"": 0.7016291519329098}",COMPLETE
38,4.002018070252186,2026-10-02 09:54:36.143704,2026-10-02 09:57:07.750691,0 days 00:02:31.606987,0.5132639679268229,0.010810763035289246,9,8,284,3.898259930870129,7.084036721320638,0.7788845548483153,"{""colsample_bytree"": 0.5132639679268229, ""learning_rate"": 0.010810763035289246, ""max_depth"": 9, ""min_child_weight"": 8, ""n_estimators"": 284, ""reg_alpha"": 3.898259930870129, ""reg_lambda"": 7.084036721320638, ""subsample"": 0.7788845548483153}",COMPLETE
39,4.047865357350541,2026-10-02 09:57:07.750756,2026-10-02 09:59:46.505461,0 days 00:02:38.754705,0.531977781023962,0.019998452669251706,8,7,414,3.4507268447665234,5.1747486212972635,0.7799071514480153,"{""colsample_bytree"": 0.531977781023962, ""learning_rate"": 0.019998452669251706, ""max_depth"": 8, ""min_child_weight"": 7, ""n_estimators"": 414, ""reg_alpha"": 3.4507268447665234, ""reg_lambda"": 5.1747486212972635, ""subsample"": 0.7799071514480153}",COMPLETE
40,4.009109365535546,2026-10-02 09:59:46.505526,2026-10-02 10:03:18.921234,0 days 00:03:32.415708,0.6189684884648704,0.01037756009218753,9,8,405,0.3377760552783216,4.7907389346931515,0.7597706890137381,"{""colsample_bytree"": 0.6189684884648704, ""learning_rate"": 0.01037756009218753, ""max_depth"": 9, ""min_child_weight"": 8, ""n_estimators"": 405, ""reg_alpha"": 0.3377760552783216, ""reg_lambda"": 4.7907389346931515, ""subsample"": 0.7597706890137381}",COMPLETE
41,4.0091136059144885,2026-10-02 10:03:18.921322,2026-10-02 10:06:33.521580,0 days 00:03:14.600258,0.616852581120601,0.01195755867981812,9,5,286,2.7853571424020496,6.272227535463746,0.7041959380478221,"{""colsample_bytree"": 0.616852581120601, ""learning_rate"": 0.01195755867981812, ""max_depth"": 9, ""min_child_weight"": 5, ""n_estimators"": 286, ""reg_alpha"": 2.7853571424020496, ""reg_lambda"": 6.272227535463746, ""subsample"": 0.7041959380478221}",COMPLETE
42,4.011058011945742,2026-10-02 10:06:33.521644,2026-10-02 10:11:06.050560,0 days 00:04:32.528916,0.6613990299018857,0.013758534785436462,10,5,307,2.5512266165657684,8.850038359727787,0.7875476109674456,"{""colsample_bytree"": 0.6613990299018857, ""learning_rate"": 0.013758534785436462, ""max_depth"": 10, ""min_child_weight"": 5, ""n_estimators"": 307, ""reg_alpha"": 2.5512266165657684, ""reg_lambda"": 8.850038359727787, ""subsample"": 0.7875476109674456}",COMPLETE
43,4.005691503156801,2026-10-02 10:11:06.050624,2026-10-02 10:14:09.078405,0 days 00:03:03.027781,0.5012482515144858,0.011105426426422945,9,4,281,9.078949182118487,2.8021205763328028,0.7251551548211708,"{""colsample_bytree"": 0.5012482515144858, ""learning_rate"": 0.011105426426422945, ""max_depth"": 9, ""min_child_weight"": 4, ""n_estimators"": 281, ""reg_alpha"": 9.078949182118487, ""reg_lambda"": 2.8021205763328028, ""subsample"": 0.7251551548211708}",COMPLETE
44,4.019001337352148,2026-10-02 10:14:09.078466,2026-10-02 10:17:07.401210,0 days 00:02:58.322744,0.5759670861957478,0.021708404826813084,9,4,274,5.585003319252305,8.248817211056375,0.6887910706694167,"{""colsample_bytree"": 0.5759670861957478, ""learning_rate"": 0.021708404826813084, ""max_depth"": 9, ""min_child_weight"": 4, ""n_estimators"": 274, ""reg_alpha"": 5.585003319252305, ""reg_lambda"": 8.248817211056375, ""subsample"": 0.6887910706694167}",COMPLETE
45,4.015226145960533,2026-10-02 10:17:07.401302,2026-10-02 10:19:25.524859,0 days 00:02:18.123557,0.5147132429996321,0.010114571189188239,9,5,231,8.733146730135807,2.949675048345421,0.6668078615016705,"{""colsample_bytree"": 0.5147132429996321, ""learning_rate"": 0.010114571189188239, ""max_depth"": 9, ""min_child_weight"": 5, ""n_estimators"": 231, ""reg_alpha"": 8.733146730135807, ""reg_lambda"": 2.949675048345421, ""subsample"": 0.6668078615016705}",COMPLETE
46,4.045990583349506,2026-10-02 10:19:25.524918,2026-10-02 10:24:36.393154,0 days 00:05:10.868236,0.4923796518009944,0.014444100650401248,9,5,615,1.9731308340428608,9.935383117133092,0.7345146500647737,"{""colsample_bytree"": 0.4923796518009944, ""learning_rate"": 0.014444100650401248, ""max_depth"": 9, ""min_child_weight"": 5, ""n_estimators"": 615, ""reg_alpha"": 1.9731308340428608, ""reg_lambda"": 9.935383117133092, ""subsample"": 0.7345146500647737}",COMPLETE
47,4.009330682989384,2026-10-02 10:24:36.393221,2026-10-02 10:27:32.566741,0 days 00:02:56.173520,0.5280787624806615,0.010196829356814908,8,4,391,4.381929357911317,1.3633948128936935,0.6935564171700985,"{""colsample_bytree"": 0.5280787624806615, ""learning_rate"": 0.010196829356814908, ""max_depth"": 8, ""min_child_weight"": 4, ""n_estimators"": 391, ""reg_alpha"": 4.381929357911317, ""reg_lambda"": 1.3633948128936935, ""subsample"": 0.6935564171700985}",COMPLETE
48,3.997753602180707,2026-10-02 10:27:32.566800,2026-10-02 10:29:53.806028,0 days 00:02:21.239228,0.6115852184747906,0.012765962706896013,8,4,261,4.404832403546093,3.7996131539180404,0.7581796697757885,"{""colsample_bytree"": 0.6115852184747906, ""learning_rate"": 0.012765962706896013, ""max_depth"": 8, ""min_child_weight"": 4, ""n_estimators"": 261, ""reg_alpha"": 4.404832403546093, ""reg_lambda"": 3.7996131539180404, ""subsample"": 0.7581796697757885}",COMPLETE
49,4.01166992074367,2026-10-02 10:29:53.806091,2026-10-02 10:33:30.301008,0 days 00:03:36.494917,0.46643892165335593,0.010139049734587211,9,2,307,5.732719646516108,1.2646536112476108,0.7241627683447387,"{""colsample_bytree"": 0.46643892165335593, ""learning_rate"": 0.010139049734587211, ""max_depth"": 9, ""min_child_weight"": 2, ""n_estimators"": 307, ""reg_alpha"": 5.732719646516108, ""reg_lambda"": 1.2646536112476108, ""subsample"": 0.7241627683447387}",COMPLETE
