number,value,datetime_start,datetime_complete,duration,params_max_depth,params_max_features,params_min_samples_leaf,params_n_estimators,system_attrs_tpe:relative_params:0,state
0,3.988965035431498,2026-10-02 06:27:30.461215,2026-10-02 06:40:03.296397,0 days 00:12:32.835182,40,0.7436704297351775,7,684,,COMPLETE
1,3.988277241644792,2026-10-02 06:40:03.296459,2026-10-02 06:50:18.990966,0 days 00:10:15.694507,20,0.4450973669431999,8,975,,COMPLETE
2,4.002711717538534,2026-10-02 06:50:18.991027,2026-10-02 06:55:51.008304,0 days 00:05:32.017277,10,0.8493578609931441,8,314,,COMPLETE
3,4.007075775885737,2026-10-02 06:55:51.008397,2026-10-02 07:03:57.068499,0 days 00:08:06.060102,0,0.6759289191947714,2,382,,COMPLETE
4,4.021421380304666,2026-10-02 07:03:57.068563,2026-10-02 07:16:58.886195,0 days 00:13:01.817632,30,0.6115905539817836,1,619,,COMPLETE
5,3.9879032367198444,2026-10-02 07:16:58.886252,2026-10-02 07:23:34.504924,0 days 00:06:35.618672,20,0.4933287584194074,7,552,,COMPLETE
6,4.001790200486872,2026-10-02 07:23:34.504979,2026-10-02 07:28:15.322745,0 days 00:04:40.817766,10,0.42733969384836035,6,521,,COMPLETE
7,3.9905590192332183,2026-10-02 07:28:15.322812,2026-10-02 07:34:40.533941,0 days 00:06:25.211129,30,0.3279624422858039,5,757,,COMPLETE
8,3.9891055472198027,2026-10-02 07:34:40.533995,2026-10-02 07:39:04.327163,0 days 00:04:23.793168,30,0.4318526535948677,9,437,,COMPLETE
9,3.989675507685842,2026-10-02 07:39:04.327212,2026-10-02 07:54:10.809939,0 days 00:15:06.482727,30,0.6443609677705414,8,984,,COMPLETE
10,4.00639067036643,2026-10-02 07:54:10.809988,2026-10-02 08:14:08.113812,0 days 00:19:57.303824,20,0.9850642628725558,4,740,"{""max_depth"": 20, ""max_features"": 0.9850642628725558, ""min_samples_leaf"": 4, ""n_estimators"": 740}",COMPLETE
11,3.990727302662728,2026-10-02 08:14:08.113864,2026-10-02 08:26:52.064395,0 days 00:12:43.950531,20,0.5262978863826686,4,865,"{""max_depth"": 20, ""max_features"": 0.5262978863826686, ""min_samples_leaf"": 4, ""n_estimators"": 865}",COMPLETE
12,3.9870424661568378,2026-10-02 08:26:52.064450,2026-10-02 08:32:28.586044,0 days 00:05:36.521594,20,0.23892503228397066,8,968,"{""max_depth"": 20, ""max_features"": 0.23892503228397066, ""min_samples_leaf"": 8, ""n_estimators"": 968}",COMPLETE
13,3.992338698913123,2026-10-02 08:32:28.586094,2026-10-02 08:38:39.338944,0 days 00:06:10.752850,20,0.23646694453594963,5,985,"{""max_depth"": 20, ""max_features"": 0.23646694453594963, ""min_samples_leaf"": 5, ""n_estimators"": 985}",COMPLETE
14,4.005287636530561,2026-10-02 08:38:39.338992,2026-10-02 08:40:31.013874,0 days 00:01:51.674882,20,0.10873782109215957,10,757,"{""max_depth"": 20, ""max_features"": 0.10873782109215957, ""min_samples_leaf"": 10, ""n_estimators"": 757}",COMPLETE
15,3.9893010087038028,2026-10-02 08:40:31.013922,2026-10-02 08:42:56.993505,0 days 00:02:25.979583,20,0.24904723990873096,8,411,"{""max_depth"": 20, ""max_features"": 0.24904723990873096, ""min_samples_leaf"": 8, ""n_estimators"": 411}",COMPLETE
16,3.9938739387811935,2026-10-02 08:42:56.993553,2026-10-02 08:46:01.264710,0 days 00:03:04.271157,20,0.20683389225629562,7,608,"{""max_depth"": 20, ""max_features"": 0.20683389225629562, ""min_samples_leaf"": 7, ""n_estimators"": 608}",COMPLETE
17,3.9969023375691735,2026-10-02 08:46:01.264758,2026-10-02 08:51:59.229809,0 days 00:05:57.965051,10,0.33303023909325946,6,853,"{""max_depth"": 10, ""max_features"": 0.33303023909325946, ""min_samples_leaf"": 6, ""n_estimators"": 853}",COMPLETE
18,3.9865928145509066,2026-10-02 08:51:59.229859,2026-10-02 08:55:08.238222,0 days 00:03:09.008363,20,0.3262897033546108,4,362,"{""max_depth"": 20, ""max_features"": 0.3262897033546108, ""min_samples_leaf"": 4, ""n_estimators"": 362}",COMPLETE
19,4.002520367448831,2026-10-02 08:55:08.238277,2026-10-02 08:57:19.807730,0 days 00:02:11.569453,20,0.10102874421962615,9,968,"{""max_depth"": 20, ""max_features"": 0.10102874421962615, ""min_samples_leaf"": 9, ""n_estimators"": 968}",COMPLETE
20,3.9865914576880797,2026-10-02 08:57:19.807777,2026-10-02 09:06:09.591152,0 days 00:08:49.783375,20,0.44732904972951293,10,864,"{""max_depth"": 20, ""max_features"": 0.44732904972951293, ""min_samples_leaf"": 10, ""n_estimators"": 864}",COMPLETE
21,3.987460520639036,2026-10-02 09:06:09.591198,2026-10-02 09:13:56.568820,0 days 00:07:46.977622,20,0.3968953615782514,9,844,"{""max_depth"": 20, ""max_features"": 0.3968953615782514, ""min_samples_leaf"": 9, ""n_estimators"": 844}",COMPLETE
22,4.007851920366255,2026-10-02 09:13:56.568868,2026-10-02 09:19:35.631924,0 days 00:05:39.063056,20,0.2334493534316926,2,804,"{""max_depth"": 20, ""max_features"": 0.2334493534316926, ""min_samples_leaf"": 2, ""n_estimators"": 804}",COMPLETE
23,3.9878011925020935,2026-10-02 09:19:35.631972,2026-10-02 09:26:01.067817,0 days 00:06:25.435845,40,0.29162097168422296,9,969,"{""max_depth"": 40, ""max_features"": 0.29162097168422296, ""min_samples_leaf"": 9, ""n_estimators"": 969}",COMPLETE
24,4.011934942955332,2026-10-02 09:26:01.067864,2026-10-02 09:28:11.442150,0 days 00:02:10.374286,20,0.20451825187963069,2,355,"{""max_depth"": 20, ""max_features"": 0.20451825187963069, ""min_samples_leaf"": 2, ""n_estimators"": 355}",COMPLETE
25,3.997881147248966,2026-10-02 09:28:11.442203,2026-10-02 09:34:13.187903,0 days 00:06:01.745700,10,0.4332085445752341,10,696,"{""max_depth"": 10, ""max_features"": 0.4332085445752341, ""min_samples_leaf"": 10, ""n_estimators"": 696}",COMPLETE
26,3.987533149949215,2026-10-02 09:34:13.187950,2026-10-02 09:44:42.508128,0 days 00:10:29.320178,20,0.5052752692724493,7,860,"{""max_depth"": 20, ""max_features"": 0.5052752692724493, ""min_samples_leaf"": 7, ""n_estimators"": 860}",COMPLETE
27,4.000536896742017,2026-10-02 09:44:42.508178,2026-10-02 09:48:38.390492,0 days 00:03:55.882314,20,0.24443582885724918,3,567,"{""max_depth"": 20, ""max_features"": 0.24443582885724918, ""min_samples_leaf"": 3, ""n_estimators"": 567}",COMPLETE
28,3.9914210515591875,2026-10-02 09:48:38.390538,2026-10-02 09:50:56.474691,0 days 00:02:18.084153,20,0.23147203333153396,6,399,"{""max_depth"": 20, ""max_features"": 0.23147203333153396, ""min_samples_leaf"": 6, ""n_estimators"": 399}",COMPLETE
29,3.991434963762869,2026-10-02 09:50:56.474739,2026-10-02 09:55:29.477450,0 days 00:04:33.002711,20,0.3032826375960305,10,673,"{""max_depth"": 20, ""max_features"": 0.3032826375960305, ""min_samples_leaf"": 10, ""n_estimators"": 673}",COMPLETE
30,3.987891816137966,2026-10-02 09:55:29.477497,2026-10-02 10:07:07.910446,0 days 00:11:38.432949,20,0.5597171220658301,10,931,"{""max_depth"": 20, ""max_features"": 0.5597171220658301, ""min_samples_leaf"": 10, ""n_estimators"": 931}",COMPLETE
31,3.9910505628772124,2026-10-02 10:07:07.910490,2026-10-02 10:12:06.366860,0 days 00:04:58.456370,20,0.24316505019140142,10,899,"{""max_depth"": 20, ""max_features"": 0.24316505019140142, ""min_samples_leaf"": 10, ""n_estimators"": 899}",COMPLETE
32,3.984683761601147,2026-10-02 10:12:06.366909,2026-10-02 10:19:27.293362,0 days 00:07:20.926453,20,0.3549214256844769,9,890,"{""max_depth"": 20, ""max_features"": 0.3549214256844769, ""min_samples_leaf"": 9, ""n_estimators"": 890}",COMPLETE
33,3.9952800341305044,2026-10-02 10:19:27.293438,2026-10-02 10:25:03.273084,0 days 00:05:35.979646,20,0.41501717198385957,3,475,"{""max_depth"": 20, ""max_features"": 0.41501717198385957, ""min_samples_leaf"": 3, ""n_estimators"": 475}",COMPLETE
34,3.99774112330686,2026-10-02 10:25:03.273131,2026-10-02 10:28:05.298826,0 days 00:03:02.025695,20,0.1351237101001749,6,918,"{""max_depth"": 20, ""max_features"": 0.1351237101001749, ""min_samples_leaf"": 6, ""n_estimators"": 918}",COMPLETE
35,3.989425387418842,2026-10-02 10:28:05.298874,2026-10-02 10:34:38.535345,0 days 00:06:33.236471,20,0.5660397901512987,10,517,"{""max_depth"": 20, ""max_features"": 0.5660397901512987, ""min_samples_leaf"": 10, ""n_estimators"": 517}",COMPLETE
36,3.9884133553596186,2026-10-02 10:34:38.535425,2026-10-02 10:41:48.391599,0 days 00:07:09.856174,40,0.3845426370518706,10,830,"{""max_depth"": 40, ""max_features"": 0.3845426370518706, ""min_samples_leaf"": 10, ""n_estimators"": 830}",COMPLETE
37,3.987118799468997,2026-10-02 10:41:48.391646,2026-10-02 10:48:26.833083,0 days 00:06:38.441437,20,0.32362961205406954,8,861,"{""max_depth"": 20, ""max_features"": 0.32362961205406954, ""min_samples_leaf"": 8, ""n_estimators"": 861}",COMPLETE
38,3.988391209188053,2026-10-02 10:48:26.833135,2026-10-02 11:03:20.804056,0 days 00:14:53.970921,20,0.7021813984299123,9,889,"{""max_depth"": 20, ""max_features"": 0.7021813984299123, ""min_samples_leaf"": 9, ""n_estimators"": 889}",COMPLETE
39,3.9898638223969365,2026-10-02 11:03:20.804108,2026-10-02 11:12:46.814302,0 days 00:09:26.010194,20,0.5163106323220195,9,761,"{""max_depth"": 20, ""max_features"": 0.5163106323220195, ""min_samples_leaf"": 9, ""n_estimators"": 761}",COMPLETE
40,3.987092850214809,2026-10-02 11:12:46.814355,2026-10-02 11:15:53.669648,0 days 00:03:06.855293,20,0.3891806524267399,10,345,"{""max_depth"": 20, ""max_features"": 0.3891806524267399, ""min_samples_leaf"": 10, ""n_estimators"": 345}",COMPLETE
41,3.9878218233223883,2026-10-02 11:15:53.669705,2026-10-02 11:20:18.330782,0 days 00:04:24.661077,20,0.5005114079032447,8,351,"{""max_depth"": 20, ""max_features"": 0.5005114079032447, ""min_samples_leaf"": 8, ""n_estimators"": 351}",COMPLETE
42,3.9903508401093704,2026-10-02 11:20:18.330840,2026-10-02 11:23:26.766289,0 days 00:03:08.435449,20,0.37129201108272514,9,356,"{""max_depth"": 20, ""max_features"": 0.37129201108272514, ""min_samples_leaf"": 9, ""n_estimators"": 356}",COMPLETE
43,3.986410315192876,2026-10-02 11:23:26.766343,2026-10-02 11:27:38.159614,0 days 00:04:11.393271,20,0.5259293707403397,10,342,"{""max_depth"": 20, ""max_features"": 0.5259293707403397, ""min_samples_leaf"": 10, ""n_estimators"": 342}",COMPLETE
44,3.9887200216206895,2026-10-02 11:27:38.159669,2026-10-02 11:33:52.527811,0 days 00:06:14.368142,20,0.67776976980242,9,390,"{""max_depth"": 20, ""max_features"": 0.67776976980242, ""min_samples_leaf"": 9, ""n_estimators"": 390}",COMPLETE
45,3.9920466152835323,2026-10-02 11:33:52.527862,2026-10-02 11:37:46.895013,0 days 00:03:54.367151,20,0.5248388386826488,10,323,"{""max_depth"": 20, ""max_features"": 0.5248388386826488, ""min_samples_leaf"": 10, ""n_estimators"": 323}",COMPLETE
46,3.9954251506496923,2026-10-02 11:37:46.895066,2026-10-02 11:40:38.752885,0 days 00:02:51.857819,20,0.28992337340263535,4,362,"{""max_depth"": 20, ""max_features"": 0.28992337340263535, ""min_samples_leaf"": 4, ""n_estimators"": 362}",COMPLETE
47,3.9957008204224835,2026-10-02 11:40:38.752933,2026-10-02 11:50:19.972525,0 days 00:09:41.219592,20,0.34458183535598225,3,967,"{""max_depth"": 20, ""max_features"": 0.34458183535598225, ""min_samples_leaf"": 3, ""n_estimators"": 967}",COMPLETE
48,3.988401688865627,2026-10-02 11:50:19.972576,2026-10-02 11:58:07.227234,0 days 00:07:47.254658,20,0.35742109331825683,9,923,"{""max_depth"": 20, ""max_features"": 0.35742109331825683, ""min_samples_leaf"": 9, ""n_estimators"": 923}",COMPLETE
49,3.98619514583469,2026-10-02 11:58:07.227281,2026-10-02 12:05:05.501565,0 days 00:06:58.274284,20,0.3637238600839514,8,787,"{""max_depth"": 20, ""max_features"": 0.3637238600839514, ""min_samples_leaf"": 8, ""n_estimators"": 787}",COMPLETE
