number,value,datetime_start,datetime_complete,duration,params_max_depth,params_max_features,params_min_samples_leaf,params_n_estimators,system_attrs_tpe:relative_params:0,state
0,4.00756623327428,2026-10-02 06:27:06.648514,2026-10-02 06:39:23.025619,0 days 00:12:16.377105,40,0.7436704297351775,7,684,,COMPLETE
1,4.005455986106362,2026-10-02 06:39:23.025681,2026-10-02 06:49:41.581094,0 days 00:10:18.555413,20,0.4450973669431999,8,975,,COMPLETE
2,4.0134614599570995,2026-10-02 06:49:41.581187,2026-10-02 06:55:16.916383,0 days 00:05:35.335196,10,0.8493578609931441,8,314,,COMPLETE
3,4.037479665995137,2026-10-02 06:55:16.916446,2026-10-02 07:03:28.412105,0 days 00:08:11.495659,0,0.6759289191947714,2,382,,COMPLETE
4,4.052508295412115,2026-10-02 07:03:28.412206,2026-10-02 07:16:58.791567,0 days 00:13:30.379361,30,0.6115905539817836,1,619,,COMPLETE
5,4.004433771713085,2026-10-02 07:16:58.791632,2026-10-02 07:23:39.791887,0 days 00:06:41.000255,20,0.4933287584194074,7,552,,COMPLETE
6,4.020403705684054,2026-10-02 07:23:39.791948,2026-10-02 07:28:31.405444,0 days 00:04:51.613496,10,0.42733969384836035,6,521,,COMPLETE
7,4.012240439145345,2026-10-02 07:28:31.405515,2026-10-02 07:35:01.023913,0 days 00:06:29.618398,30,0.3279624422858039,5,757,,COMPLETE
8,4.002675644031947,2026-10-02 07:35:01.023970,2026-10-02 07:39:21.224697,0 days 00:04:20.200727,30,0.4318526535948677,9,437,,COMPLETE
9,4.004083232728426,2026-10-02 07:39:21.224745,2026-10-02 07:54:18.531758,0 days 00:14:57.307013,30,0.6443609677705414,8,984,,COMPLETE
10,4.019246403989058,2026-10-02 07:54:18.531806,2026-10-02 08:13:56.352350,0 days 00:19:37.820544,30,0.8318341930301256,4,864,"{""max_depth"": 30, ""max_features"": 0.8318341930301256, ""min_samples_leaf"": 4, ""n_estimators"": 864}",COMPLETE
11,4.003715902676608,2026-10-02 08:13:56.352403,2026-10-02 08:20:07.219788,0 days 00:06:10.867385,30,0.4281475702083001,10,634,"{""max_depth"": 30, ""max_features"": 0.4281475702083001, ""min_samples_leaf"": 10, ""n_estimators"": 634}",COMPLETE
12,4.011781566252492,2026-10-02 08:20:07.219840,2026-10-02 08:23:14.977042,0 days 00:03:07.757202,30,0.27455799516925367,9,486,"{""max_depth"": 30, ""max_features"": 0.27455799516925367, ""min_samples_leaf"": 9, ""n_estimators"": 486}",COMPLETE
13,4.0204008234626025,2026-10-02 08:23:14.977093,2026-10-02 08:25:21.812289,0 days 00:02:06.835196,30,0.12191455449397443,9,749,"{""max_depth"": 30, ""max_features"": 0.12191455449397443, ""min_samples_leaf"": 9, ""n_estimators"": 749}",COMPLETE
14,4.003003167194031,2026-10-02 08:25:21.812341,2026-10-02 08:33:24.383036,0 days 00:08:02.570695,30,0.6188105060094411,10,581,"{""max_depth"": 30, ""max_features"": 0.6188105060094411, ""min_samples_leaf"": 10, ""n_estimators"": 581}",COMPLETE
15,4.007183341164256,2026-10-02 08:33:24.383089,2026-10-02 08:42:52.743260,0 days 00:09:28.360171,30,0.7269377064494706,9,563,"{""max_depth"": 30, ""max_features"": 0.7269377064494706, ""min_samples_leaf"": 9, ""n_estimators"": 563}",COMPLETE
16,4.013721675740537,2026-10-02 08:42:52.743311,2026-10-02 08:53:22.133732,0 days 00:10:29.390421,30,0.9671562341049091,6,433,"{""max_depth"": 30, ""max_features"": 0.9671562341049091, ""min_samples_leaf"": 6, ""n_estimators"": 433}",COMPLETE
17,4.00808285649478,2026-10-02 08:53:22.133779,2026-10-02 08:59:07.499936,0 days 00:05:45.366157,30,0.6958353331720852,9,366,"{""max_depth"": 30, ""max_features"": 0.6958353331720852, ""min_samples_leaf"": 9, ""n_estimators"": 366}",COMPLETE
18,4.006892800957029,2026-10-02 08:59:07.499985,2026-10-02 09:13:56.980984,0 days 00:14:49.480999,30,0.9220658546999674,10,726,"{""max_depth"": 30, ""max_features"": 0.9220658546999674, ""min_samples_leaf"": 10, ""n_estimators"": 726}",COMPLETE
19,4.004356945155211,2026-10-02 09:13:56.981034,2026-10-02 09:23:28.669276,0 days 00:09:31.688242,30,0.5152133293918428,10,829,"{""max_depth"": 30, ""max_features"": 0.5152133293918428, ""min_samples_leaf"": 10, ""n_estimators"": 829}",COMPLETE
20,4.005829476535926,2026-10-02 09:23:28.669329,2026-10-02 09:31:31.188546,0 days 00:08:02.519217,30,0.5986600128178251,10,596,"{""max_depth"": 30, ""max_features"": 0.5986600128178251, ""min_samples_leaf"": 10, ""n_estimators"": 596}",COMPLETE
21,4.00507273233535,2026-10-02 09:31:31.188601,2026-10-02 09:35:35.207277,0 days 00:04:04.018676,30,0.5151784256761853,10,353,"{""max_depth"": 30, ""max_features"": 0.5151784256761853, ""min_samples_leaf"": 10, ""n_estimators"": 353}",COMPLETE
22,4.00448479376114,2026-10-02 09:35:35.207326,2026-10-02 09:41:03.767185,0 days 00:05:28.559859,30,0.3737185253622969,9,642,"{""max_depth"": 30, ""max_features"": 0.3737185253622969, ""min_samples_leaf"": 9, ""n_estimators"": 642}",COMPLETE
23,4.027223615088098,2026-10-02 09:41:03.767233,2026-10-02 09:43:20.957193,0 days 00:02:17.189960,10,0.18208491435268806,9,606,"{""max_depth"": 10, ""max_features"": 0.18208491435268806, ""min_samples_leaf"": 9, ""n_estimators"": 606}",COMPLETE
24,4.026547945874053,2026-10-02 09:43:20.957242,2026-10-02 09:44:45.955311,0 days 00:01:24.998069,10,0.190002705066858,8,354,"{""max_depth"": 10, ""max_features"": 0.190002705066858, ""min_samples_leaf"": 8, ""n_estimators"": 354}",COMPLETE
25,4.007942974984169,2026-10-02 09:44:45.955359,2026-10-02 09:47:52.716976,0 days 00:03:06.761617,30,0.2824581053955847,7,455,"{""max_depth"": 30, ""max_features"": 0.2824581053955847, ""min_samples_leaf"": 7, ""n_estimators"": 455}",COMPLETE
26,4.003970116508983,2026-10-02 09:47:52.717024,2026-10-02 09:51:48.178428,0 days 00:03:55.461404,20,0.5161311123359063,8,326,"{""max_depth"": 20, ""max_features"": 0.5161311123359063, ""min_samples_leaf"": 8, ""n_estimators"": 326}",COMPLETE
27,4.002878986317545,2026-10-02 09:51:48.178477,2026-10-02 10:03:08.341892,0 days 00:11:20.163415,30,0.6218964184132106,8,774,"{""max_depth"": 30, ""max_features"": 0.6218964184132106, ""min_samples_leaf"": 8, ""n_estimators"": 774}",COMPLETE
28,4.002670688612892,2026-10-02 10:03:08.341946,2026-10-02 10:16:15.406696,0 days 00:13:07.064750,30,0.6518848318817096,10,900,"{""max_depth"": 30, ""max_features"": 0.6518848318817096, ""min_samples_leaf"": 10, ""n_estimators"": 900}",COMPLETE
29,4.003713588103276,2026-10-02 10:16:15.406748,2026-10-02 10:29:36.477061,0 days 00:13:21.070313,30,0.6759519142185012,10,880,"{""max_depth"": 30, ""max_features"": 0.6759519142185012, ""min_samples_leaf"": 10, ""n_estimators"": 880}",COMPLETE
30,4.00360135151034,2026-10-02 10:29:36.477116,2026-10-02 10:42:20.309578,0 days 00:12:43.832462,0,0.6136375491062562,9,894,"{""max_depth"": 0, ""max_features"": 0.6136375491062562, ""min_samples_leaf"": 9, ""n_estimators"": 894}",COMPLETE
31,4.003834203788892,2026-10-02 10:42:20.309628,2026-10-02 10:55:08.975858,0 days 00:12:48.666230,30,0.7468051867701074,8,724,"{""max_depth"": 30, ""max_features"": 0.7468051867701074, ""min_samples_leaf"": 8, ""n_estimators"": 724}",COMPLETE
32,4.0064667741431075,2026-10-02 10:55:08.975908,2026-10-02 11:02:31.637435,0 days 00:07:22.661527,30,0.6085336015164707,8,515,"{""max_depth"": 30, ""max_features"": 0.6085336015164707, ""min_samples_leaf"": 8, ""n_estimators"": 515}",COMPLETE
33,4.009834478769851,2026-10-02 11:02:31.637483,2026-10-02 11:09:17.384708,0 days 00:06:45.747225,30,0.7482208235624626,7,372,"{""max_depth"": 30, ""max_features"": 0.7482208235624626, ""min_samples_leaf"": 7, ""n_estimators"": 372}",COMPLETE
34,4.007270691479824,2026-10-02 11:09:17.384757,2026-10-02 11:30:35.069924,0 days 00:21:17.685167,30,0.9590875587709358,10,991,"{""max_depth"": 30, ""max_features"": 0.9590875587709358, ""min_samples_leaf"": 10, ""n_estimators"": 991}",COMPLETE
35,4.004787403018654,2026-10-02 11:30:35.069979,2026-10-02 11:38:18.389513,0 days 00:07:43.319534,30,0.39778624578428906,10,856,"{""max_depth"": 30, ""max_features"": 0.39778624578428906, ""min_samples_leaf"": 10, ""n_estimators"": 856}",COMPLETE
36,4.005594489067351,2026-10-02 11:38:18.389564,2026-10-02 11:54:00.639799,0 days 00:15:42.250235,30,0.734774733023144,9,938,"{""max_depth"": 30, ""max_features"": 0.734774733023144, ""min_samples_leaf"": 9, ""n_estimators"": 938}",COMPLETE
37,4.00485877907895,2026-10-02 11:54:00.639849,2026-10-02 12:03:38.256036,0 days 00:09:37.616187,30,0.6430389382646929,8,639,"{""max_depth"": 30, ""max_features"": 0.6430389382646929, ""min_samples_leaf"": 8, ""n_estimators"": 639}",COMPLETE
38,4.00481231558983,2026-10-02 12:03:38.256085,2026-10-02 12:15:08.878388,0 days 00:11:30.622303,30,0.666421801590042,10,773,"{""max_depth"": 30, ""max_features"": 0.666421801590042, ""min_samples_leaf"": 10, ""n_estimators"": 773}",COMPLETE
